<?xml version="1.0" encoding="UTF-8"?>
<robot generator="Robot 3.1.2 (Python 3.8.0 on win32)" generated="20191202 15:05:31.424" rpa="false">
<suite id="s1" name="Testcases" source="C:\Users\Gijs\source\RobotFramework\RobotFrameworkStageSEKTMarktplaats\Testcases">
<suite id="s1-s1" name="SeleniumTest" source="C:\Users\Gijs\source\RobotFramework\RobotFrameworkStageSEKTMarktplaats\Testcases\SeleniumTest.robot">
<test id="s1-s1-t1" name="Testcase 0: Site bezoeken">
<kw name="Open Browser On Local Machine" library="SeleniumKeywords">
<arguments>
<arg>${TEST_URL}</arg>
<arg>${BROWSER}</arg>
</arguments>
<kw name="Set Selenium Speed" library="SeleniumLibrary">
<doc>Sets the delay that is waited after each Selenium command.</doc>
<arguments>
<arg>${SELENIUM_DELAY}</arg>
</arguments>
<status status="PASS" starttime="20191202 15:05:31.764" endtime="20191202 15:05:31.764"></status>
</kw>
<kw name="Open Browser" library="SeleniumLibrary">
<doc>Opens a new browser instance to the optional ``url``.</doc>
<arguments>
<arg>${URL}</arg>
<arg>${BROWSER}</arg>
</arguments>
<msg timestamp="20191202 15:05:31.765" level="INFO">Opening browser 'Chrome' to base url 'https://avansmarktplaats-test.mendixcloud.com/index.html'.</msg>
<status status="PASS" starttime="20191202 15:05:31.765" endtime="20191202 15:05:37.592"></status>
</kw>
<status status="PASS" starttime="20191202 15:05:31.763" endtime="20191202 15:05:37.592"></status>
</kw>
<kw name="Wait Until Page Contains Element" library="SeleniumLibrary">
<doc>Waits until the element ``locator`` appears on the current page.</doc>
<arguments>
<arg>//*[contains(@class,'btn mx-button mx-name-actionButton2 squarebutton btn-default')]</arg>
<arg>timeout=5</arg>
</arguments>
<status status="PASS" starttime="20191202 15:05:37.593" endtime="20191202 15:05:38.404"></status>
</kw>
<status status="PASS" starttime="20191202 15:05:31.763" endtime="20191202 15:05:38.404" critical="yes"></status>
</test>
<test id="s1-s1-t2" name="Testcase 1: Aanmelden als extern bedrijfsmedewerker">
<kw name="Wait Until Page Contains Element" library="SeleniumLibrary">
<doc>Waits until the element ``locator`` appears on the current page.</doc>
<arguments>
<arg>//*[contains(@class,'btn mx-button mx-name-actionButton2 squarebutton btn-default')]</arg>
<arg>timeout=5</arg>
</arguments>
<status status="PASS" starttime="20191202 15:05:38.407" endtime="20191202 15:05:38.423"></status>
</kw>
<kw name="Sleep" library="BuiltIn">
<doc>Pauses the test executed for the given time.</doc>
<arguments>
<arg>0.5</arg>
</arguments>
<msg timestamp="20191202 15:05:38.944" level="INFO">Slept 500 milliseconds</msg>
<status status="PASS" starttime="20191202 15:05:38.424" endtime="20191202 15:05:38.944"></status>
</kw>
<kw name="Click Element" library="SeleniumLibrary">
<doc>Click the element identified by ``locator``.</doc>
<arguments>
<arg>//*[@class='btn mx-button mx-name-actionButton2 squarebutton btn-default']</arg>
<arg>modifier=False</arg>
</arguments>
<msg timestamp="20191202 15:05:38.944" level="INFO">Clicking element '//*[@class='btn mx-button mx-name-actionButton2 squarebutton btn-default']'.</msg>
<status status="PASS" starttime="20191202 15:05:38.944" endtime="20191202 15:05:39.013"></status>
</kw>
<kw name="Wait Until Page Contains Element" library="SeleniumLibrary">
<doc>Waits until the element ``locator`` appears on the current page.</doc>
<arguments>
<arg>//*[contains(@class,'form-group mx-loginidtextbox no-columns mx-name-loginIdTextBox1')]</arg>
<arg>timeout=5</arg>
</arguments>
<status status="PASS" starttime="20191202 15:05:39.015" endtime="20191202 15:05:39.240"></status>
</kw>
<kw name="Input Text" library="SeleniumLibrary">
<doc>Types the given ``text`` into the text field identified by ``locator``.</doc>
<arguments>
<arg>//*[@class='form-group mx-loginidtextbox no-columns mx-name-loginIdTextBox1']//*[@class='form-control']</arg>
<arg>g.vanmorsel@coolblue.nl</arg>
</arguments>
<msg timestamp="20191202 15:05:39.241" level="INFO">Typing text 'g.vanmorsel@coolblue.nl' into text field '//*[@class='form-group mx-loginidtextbox no-columns mx-name-loginIdTextBox1']//*[@class='form-control']'.</msg>
<status status="PASS" starttime="20191202 15:05:39.241" endtime="20191202 15:05:39.423"></status>
</kw>
<kw name="Input Text" library="SeleniumLibrary">
<doc>Types the given ``text`` into the text field identified by ``locator``.</doc>
<arguments>
<arg>//*[@class='form-group mx-passwordtextbox no-columns mx-name-passwordTextBox1']//*[@class='form-control']</arg>
<arg>Mendix1</arg>
</arguments>
<msg timestamp="20191202 15:05:39.424" level="INFO">Typing text 'Mendix1' into text field '//*[@class='form-group mx-passwordtextbox no-columns mx-name-passwordTextBox1']//*[@class='form-control']'.</msg>
<status status="PASS" starttime="20191202 15:05:39.424" endtime="20191202 15:05:39.567"></status>
</kw>
<kw name="Click Element" library="SeleniumLibrary">
<doc>Click the element identified by ``locator``.</doc>
<arguments>
<arg>//*[@class='btn mx-button mx-name-signInButton1 SignIn btn-default']</arg>
<arg>modifier=False</arg>
</arguments>
<msg timestamp="20191202 15:05:39.569" level="INFO">Clicking element '//*[@class='btn mx-button mx-name-signInButton1 SignIn btn-default']'.</msg>
<status status="PASS" starttime="20191202 15:05:39.568" endtime="20191202 15:05:39.657"></status>
</kw>
<status status="PASS" starttime="20191202 15:05:38.406" endtime="20191202 15:05:39.657" critical="yes"></status>
</test>
<test id="s1-s1-t3" name="Testcase 5: Als extern bedrijfsmedewerker uw opdrachten inzien">
<kw name="Wait Until Page Contains Element" library="SeleniumLibrary">
<doc>Waits until the element ``locator`` appears on the current page.</doc>
<arguments>
<arg>//*[contains(@class,'btn mx-button mx-name-actionButton12 nowrap btn-default')]</arg>
<arg>timeout=5</arg>
</arguments>
<status status="PASS" starttime="20191202 15:05:39.659" endtime="20191202 15:05:40.593"></status>
</kw>
<kw name="Click Element" library="SeleniumLibrary">
<doc>Click the element identified by ``locator``.</doc>
<arguments>
<arg>//*[@class='btn mx-button mx-name-actionButton12 nowrap btn-default']</arg>
<arg>modifier=false</arg>
</arguments>
<msg timestamp="20191202 15:05:40.595" level="INFO">Clicking element '//*[@class='btn mx-button mx-name-actionButton12 nowrap btn-default']'.</msg>
<status status="PASS" starttime="20191202 15:05:40.595" endtime="20191202 15:05:40.709"></status>
</kw>
<kw name="Wait Until Page Contains Element" library="SeleniumLibrary">
<doc>Waits until the element ``locator`` appears on the current page.</doc>
<arguments>
<arg>//*[contains(@class,'mx-grid-search-input mx-name-searchField2')]</arg>
<arg>timeout=5</arg>
</arguments>
<status status="PASS" starttime="20191202 15:05:40.710" endtime="20191202 15:05:40.941"></status>
</kw>
<kw name="Input Text" library="SeleniumLibrary">
<doc>Types the given ``text`` into the text field identified by ``locator``.</doc>
<arguments>
<arg>//*[@class='mx-grid-search-input mx-name-searchField2']//*[@class='form-control']</arg>
<arg>testopdracht</arg>
</arguments>
<msg timestamp="20191202 15:05:40.941" level="INFO">Typing text 'testopdracht' into text field '//*[@class='mx-grid-search-input mx-name-searchField2']//*[@class='form-control']'.</msg>
<status status="PASS" starttime="20191202 15:05:40.941" endtime="20191202 15:05:41.099"></status>
</kw>
<kw name="Click Element" library="SeleniumLibrary">
<doc>Click the element identified by ``locator``.</doc>
<arguments>
<arg>//*[@class='btn mx-button btn-default mx-name-search mx-grid-search-button']</arg>
<arg>modifier=false</arg>
</arguments>
<msg timestamp="20191202 15:05:41.100" level="INFO">Clicking element '//*[@class='btn mx-button btn-default mx-name-search mx-grid-search-button']'.</msg>
<status status="PASS" starttime="20191202 15:05:41.099" endtime="20191202 15:05:41.176"></status>
</kw>
<kw name="Sleep" library="BuiltIn">
<doc>Pauses the test executed for the given time.</doc>
<arguments>
<arg>0.5</arg>
</arguments>
<msg timestamp="20191202 15:05:41.691" level="INFO">Slept 500 milliseconds</msg>
<status status="PASS" starttime="20191202 15:05:41.176" endtime="20191202 15:05:41.691"></status>
</kw>
<kw name="Click Element" library="SeleniumLibrary">
<doc>Click the element identified by ``locator``.</doc>
<arguments>
<arg>//*[contains(text(),'testopdracht')]</arg>
<arg>modifier=false</arg>
</arguments>
<msg timestamp="20191202 15:05:41.691" level="INFO">Clicking element '//*[contains(text(),'testopdracht')]'.</msg>
<status status="PASS" starttime="20191202 15:05:41.691" endtime="20191202 15:05:41.758"></status>
</kw>
<kw name="Click Element" library="SeleniumLibrary">
<doc>Click the element identified by ``locator``.</doc>
<arguments>
<arg>//*[@class='btn mx-button mx-name-actionButton2 btn-default']</arg>
<arg>modifier=false</arg>
</arguments>
<msg timestamp="20191202 15:05:41.759" level="INFO">Clicking element '//*[@class='btn mx-button mx-name-actionButton2 btn-default']'.</msg>
<status status="PASS" starttime="20191202 15:05:41.758" endtime="20191202 15:05:41.840"></status>
</kw>
<kw name="Wait Until Page Contains Element" library="SeleniumLibrary">
<doc>Waits until the element ``locator`` appears on the current page.</doc>
<arguments>
<arg>//*[contains(@class,'btn mx-button mx-name-actionButton2 btn-inverse')]</arg>
<arg>timeout=5</arg>
</arguments>
<status status="PASS" starttime="20191202 15:05:41.840" endtime="20191202 15:05:42.088"></status>
</kw>
<kw name="Click Element" library="SeleniumLibrary">
<doc>Click the element identified by ``locator``.</doc>
<arguments>
<arg>//*[@class='mx-name-159b6aef-dbc3-5b23-a735-cf99f8341771-1']</arg>
<arg>modifier=false</arg>
</arguments>
<msg timestamp="20191202 15:05:42.089" level="INFO">Clicking element '//*[@class='mx-name-159b6aef-dbc3-5b23-a735-cf99f8341771-1']'.</msg>
<status status="PASS" starttime="20191202 15:05:42.088" endtime="20191202 15:05:42.269"></status>
</kw>
<status status="PASS" starttime="20191202 15:05:39.659" endtime="20191202 15:05:42.269" critical="yes"></status>
</test>
<kw name="Close All Browsers" library="SeleniumLibrary" type="teardown">
<doc>Closes all open browsers and resets the browser cache.</doc>
<status status="PASS" starttime="20191202 15:05:42.272" endtime="20191202 15:05:45.459"></status>
</kw>
<doc>Keyword documentation: https://robotframework.org/SeleniumLibrary/SeleniumLibrary.html

Kijk goed of er keywords zijn die je kan gebruiken in de Keywords/SeleniumKeywords.robot file</doc>
<status status="PASS" starttime="20191202 15:05:31.462" endtime="20191202 15:05:45.459"></status>
</suite>
<status status="PASS" starttime="20191202 15:05:31.427" endtime="20191202 15:05:45.459"></status>
</suite>
<statistics>
<total>
<stat pass="3" fail="0">Critical Tests</stat>
<stat pass="3" fail="0">All Tests</stat>
</total>
<tag>
</tag>
<suite>
<stat pass="3" fail="0" id="s1" name="Testcases">Testcases</stat>
<stat pass="3" fail="0" id="s1-s1" name="SeleniumTest">Testcases.SeleniumTest</stat>
</suite>
</statistics>
<errors>
</errors>
</robot>
