<?xml version="1.0" encoding="UTF-8"?>
<robot generator="Robot 3.1.2 (Python 3.8.0 on win32)" generated="20191204 15:11:07.092" rpa="false">
<suite id="s1" name="AuthenticationTestcases" source="C:\Users\Gijs\source\RobotFramework\RobotFrameworkStageSEKTMarktplaats\Testcases\AuthenticationTestcases.robot">
<test id="s1-t1" name="Testcase 0: Site bezoeken">
<kw name="Open Browser On Local Machine" library="SeleniumKeywords">
<arguments>
<arg>${TEST_URL}</arg>
<arg>${BROWSER}</arg>
</arguments>
<kw name="Set Selenium Speed" library="SeleniumLibrary">
<doc>Sets the delay that is waited after each Selenium command.</doc>
<arguments>
<arg>${SELENIUM_DELAY}</arg>
</arguments>
<status status="PASS" starttime="20191204 15:11:07.440" endtime="20191204 15:11:07.441"></status>
</kw>
<kw name="Open Browser" library="SeleniumLibrary">
<doc>Opens a new browser instance to the optional ``url``.</doc>
<arguments>
<arg>${URL}</arg>
<arg>${BROWSER}</arg>
</arguments>
<msg timestamp="20191204 15:11:07.442" level="INFO">Opening browser 'Chrome' to base url 'https://avansmarktplaats-test.mendixcloud.com/index.html'.</msg>
<status status="PASS" starttime="20191204 15:11:07.441" endtime="20191204 15:11:13.277"></status>
</kw>
<status status="PASS" starttime="20191204 15:11:07.439" endtime="20191204 15:11:13.278"></status>
</kw>
<kw name="Wait Until Page Contains Element" library="SeleniumLibrary">
<doc>Waits until the element ``locator`` appears on the current page.</doc>
<arguments>
<arg>//*[contains(@class,'btn mx-button mx-name-actionButton2 squarebutton btn-default')]</arg>
<arg>timeout=5</arg>
</arguments>
<status status="PASS" starttime="20191204 15:11:13.278" endtime="20191204 15:11:14.133"></status>
</kw>
<status status="PASS" starttime="20191204 15:11:07.438" endtime="20191204 15:11:14.133" critical="yes"></status>
</test>
<test id="s1-t2" name="Testcase 1: Aanmelden als extern bedrijfsmedewerker">
<kw name="Login As Organisation" library="SeleniumKeywords">
<kw name="Click Element" library="SeleniumLibrary">
<doc>Click the element identified by ``locator``.</doc>
<arguments>
<arg>//*[@class='btn mx-button mx-name-actionButton2 squarebutton btn-default']</arg>
<arg>modifier=False</arg>
</arguments>
<msg timestamp="20191204 15:11:14.136" level="INFO">Clicking element '//*[@class='btn mx-button mx-name-actionButton2 squarebutton btn-default']'.</msg>
<status status="PASS" starttime="20191204 15:11:14.136" endtime="20191204 15:11:14.279"></status>
</kw>
<kw name="Wait Until Page Contains Element" library="SeleniumLibrary">
<doc>Waits until the element ``locator`` appears on the current page.</doc>
<arguments>
<arg>//*[contains(@class,'form-group mx-loginidtextbox no-columns mx-name-loginIdTextBox1')]</arg>
<arg>timeout=5</arg>
</arguments>
<status status="PASS" starttime="20191204 15:11:14.279" endtime="20191204 15:11:14.567"></status>
</kw>
<kw name="Input Text" library="SeleniumLibrary">
<doc>Types the given ``text`` into the text field identified by ``locator``.</doc>
<arguments>
<arg>id=55_13</arg>
<arg>g.vanmorsel@coolblue.nl</arg>
</arguments>
<msg timestamp="20191204 15:11:14.567" level="INFO">Typing text 'g.vanmorsel@coolblue.nl' into text field 'id=55_13'.</msg>
<status status="PASS" starttime="20191204 15:11:14.567" endtime="20191204 15:11:14.742"></status>
</kw>
<kw name="Input Text" library="SeleniumLibrary">
<doc>Types the given ``text`` into the text field identified by ``locator``.</doc>
<arguments>
<arg>id=55_14</arg>
<arg>Mendix1</arg>
</arguments>
<msg timestamp="20191204 15:11:14.742" level="INFO">Typing text 'Mendix1' into text field 'id=55_14'.</msg>
<status status="PASS" starttime="20191204 15:11:14.742" endtime="20191204 15:11:14.870"></status>
</kw>
<kw name="Click Element" library="SeleniumLibrary">
<doc>Click the element identified by ``locator``.</doc>
<arguments>
<arg>id=mxui_widget_LoginButton_0</arg>
<arg>modifier=False</arg>
</arguments>
<msg timestamp="20191204 15:11:14.870" level="INFO">Clicking element 'id=mxui_widget_LoginButton_0'.</msg>
<status status="PASS" starttime="20191204 15:11:14.870" endtime="20191204 15:11:14.932"></status>
</kw>
<status status="PASS" starttime="20191204 15:11:14.135" endtime="20191204 15:11:14.933"></status>
</kw>
<status status="PASS" starttime="20191204 15:11:14.135" endtime="20191204 15:11:14.933" critical="yes"></status>
</test>
<test id="s1-t3" name="Testcase 2: Als willekeurig gebruiker afmelden">
<kw name="Log Out As User" library="SeleniumKeywords">
<kw name="Wait Until Page Contains Element" library="SeleniumLibrary">
<doc>Waits until the element ``locator`` appears on the current page.</doc>
<arguments>
<arg>//*[contains(@class,'mx-link mx-name-actionButton3')]</arg>
<arg>timeout=5</arg>
</arguments>
<status status="PASS" starttime="20191204 15:11:14.936" endtime="20191204 15:11:15.893"></status>
</kw>
<kw name="Sleep" library="BuiltIn">
<doc>Pauses the test executed for the given time.</doc>
<arguments>
<arg>0.5</arg>
</arguments>
<msg timestamp="20191204 15:11:16.395" level="INFO">Slept 500 milliseconds</msg>
<status status="PASS" starttime="20191204 15:11:15.893" endtime="20191204 15:11:16.395"></status>
</kw>
<kw name="Click Element" library="SeleniumLibrary">
<doc>Click the element identified by ``locator``.</doc>
<arguments>
<arg>//*[@class='mx-link mx-name-actionButton3']</arg>
<arg>modifier=false</arg>
</arguments>
<msg timestamp="20191204 15:11:16.395" level="INFO">Clicking element '//*[@class='mx-link mx-name-actionButton3']'.</msg>
<status status="PASS" starttime="20191204 15:11:16.395" endtime="20191204 15:11:16.458"></status>
</kw>
<status status="PASS" starttime="20191204 15:11:14.936" endtime="20191204 15:11:16.458"></status>
</kw>
<status status="PASS" starttime="20191204 15:11:14.935" endtime="20191204 15:11:16.459" critical="yes"></status>
</test>
<test id="s1-t4" name="Testcase 3: Registreren als extern bedrijfsmedewerker">
<kw name="Wait Until Page Contains Element" library="SeleniumLibrary">
<doc>Waits until the element ``locator`` appears on the current page.</doc>
<arguments>
<arg>//*[contains(@class,'btn mx-button mx-name-actionButton2 squarebutton btn-default')]</arg>
<arg>timeout=5</arg>
</arguments>
<status status="PASS" starttime="20191204 15:11:16.462" endtime="20191204 15:11:17.169"></status>
</kw>
<kw name="Click Element" library="SeleniumLibrary">
<doc>Click the element identified by ``locator``.</doc>
<arguments>
<arg>//*[@class='btn mx-button mx-name-actionButton2 squarebutton btn-default']</arg>
<arg>modifier=False</arg>
</arguments>
<msg timestamp="20191204 15:11:17.170" level="INFO">Clicking element '//*[@class='btn mx-button mx-name-actionButton2 squarebutton btn-default']'.</msg>
<status status="PASS" starttime="20191204 15:11:17.169" endtime="20191204 15:11:17.268"></status>
</kw>
<kw name="Wait Until Page Contains Element" library="SeleniumLibrary">
<doc>Waits until the element ``locator`` appears on the current page.</doc>
<arguments>
<arg>id=55_13</arg>
<arg>timeout=5</arg>
</arguments>
<status status="PASS" starttime="20191204 15:11:17.269" endtime="20191204 15:11:17.285"></status>
</kw>
<kw name="Click Element" library="SeleniumLibrary">
<doc>Click the element identified by ``locator``.</doc>
<arguments>
<arg>//*[@class='mx-link mx-name-actionButton2']</arg>
<arg>modifier=False</arg>
</arguments>
<msg timestamp="20191204 15:11:17.287" level="INFO">Clicking element '//*[@class='mx-link mx-name-actionButton2']'.</msg>
<status status="PASS" starttime="20191204 15:11:17.286" endtime="20191204 15:11:17.373"></status>
</kw>
<kw name="Wait Until Page Contains Element" library="SeleniumLibrary">
<doc>Waits until the element ``locator`` appears on the current page.</doc>
<arguments>
<arg>//*[contains(@class,'mx-name-textBox1 mx-textbox form-group')]</arg>
<arg>timeout=5</arg>
</arguments>
<status status="PASS" starttime="20191204 15:11:17.374" endtime="20191204 15:11:17.613"></status>
</kw>
<kw name="Input Text" library="SeleniumLibrary">
<doc>Types the given ``text`` into the text field identified by ``locator``.</doc>
<arguments>
<arg>//*[@class='mx-name-textBox1 mx-textbox form-group']//*[@class='col-sm-9']//*[@class='form-control']</arg>
<arg>Ed</arg>
</arguments>
<msg timestamp="20191204 15:11:17.614" level="INFO">Typing text 'Ed' into text field '//*[@class='mx-name-textBox1 mx-textbox form-group']//*[@class='col-sm-9']//*[@class='form-control']'.</msg>
<status status="PASS" starttime="20191204 15:11:17.613" endtime="20191204 15:11:17.742"></status>
</kw>
<kw name="Input Text" library="SeleniumLibrary">
<doc>Types the given ``text`` into the text field identified by ``locator``.</doc>
<arguments>
<arg>//*[@class='mx-name-textBox3 mx-textbox form-group']//*[@class='col-sm-9']//*[@class='form-control']</arg>
<arg>van</arg>
</arguments>
<msg timestamp="20191204 15:11:17.743" level="INFO">Typing text 'van' into text field '//*[@class='mx-name-textBox3 mx-textbox form-group']//*[@class='col-sm-9']//*[@class='form-control']'.</msg>
<status status="PASS" starttime="20191204 15:11:17.742" endtime="20191204 15:11:17.860"></status>
</kw>
<kw name="Input Text" library="SeleniumLibrary">
<doc>Types the given ``text`` into the text field identified by ``locator``.</doc>
<arguments>
<arg>//*[@class='mx-name-textBox2 mx-textbox form-group']//*[@class='col-sm-9']//*[@class='form-control']</arg>
<arg>Vreemden</arg>
</arguments>
<msg timestamp="20191204 15:11:17.861" level="INFO">Typing text 'Vreemden' into text field '//*[@class='mx-name-textBox2 mx-textbox form-group']//*[@class='col-sm-9']//*[@class='form-control']'.</msg>
<status status="PASS" starttime="20191204 15:11:17.861" endtime="20191204 15:11:18.003"></status>
</kw>
<kw name="Input Text" library="SeleniumLibrary">
<doc>Types the given ``text`` into the text field identified by ``locator``.</doc>
<arguments>
<arg>//*[@class='mx-name-textBox4 mx-textbox form-group']//*[@class='col-sm-9']//*[@class='form-control']</arg>
<arg>Edje@Outlook.com</arg>
</arguments>
<msg timestamp="20191204 15:11:18.004" level="INFO">Typing text 'Edje@Outlook.com' into text field '//*[@class='mx-name-textBox4 mx-textbox form-group']//*[@class='col-sm-9']//*[@class='form-control']'.</msg>
<status status="PASS" starttime="20191204 15:11:18.004" endtime="20191204 15:11:18.218"></status>
</kw>
<kw name="Input Text" library="SeleniumLibrary">
<doc>Types the given ``text`` into the text field identified by ``locator``.</doc>
<arguments>
<arg>//*[@class='mx-name-textBox6 mx-textbox form-group']//*[@class='col-sm-9']//*[@class='form-control']</arg>
<arg>ChatMetVreemden.nl</arg>
</arguments>
<msg timestamp="20191204 15:11:18.219" level="INFO">Typing text 'ChatMetVreemden.nl' into text field '//*[@class='mx-name-textBox6 mx-textbox form-group']//*[@class='col-sm-9']//*[@class='form-control']'.</msg>
<status status="PASS" starttime="20191204 15:11:18.219" endtime="20191204 15:11:18.448"></status>
</kw>
<kw name="Input Text" library="SeleniumLibrary">
<doc>Types the given ``text`` into the text field identified by ``locator``.</doc>
<arguments>
<arg>//*[@class='mx-name-textBox5 mx-textbox form-group']//*[@class='col-sm-9']//*[@class='form-control']</arg>
<arg>Werkloos</arg>
</arguments>
<msg timestamp="20191204 15:11:18.449" level="INFO">Typing text 'Werkloos' into text field '//*[@class='mx-name-textBox5 mx-textbox form-group']//*[@class='col-sm-9']//*[@class='form-control']'.</msg>
<status status="PASS" starttime="20191204 15:11:18.448" endtime="20191204 15:11:18.590"></status>
</kw>
<kw name="Click Element" library="SeleniumLibrary">
<doc>Click the element identified by ``locator``.</doc>
<arguments>
<arg>id=mxui_widget_ReferenceSelector_0</arg>
<arg>modifier=False</arg>
</arguments>
<msg timestamp="20191204 15:11:18.591" level="INFO">Clicking element 'id=mxui_widget_ReferenceSelector_0'.</msg>
<status status="PASS" starttime="20191204 15:11:18.591" endtime="20191204 15:11:18.705"></status>
</kw>
<kw name="Wait Until Page Contains Element" library="SeleniumLibrary">
<doc>Waits until the element ``locator`` appears on the current page.</doc>
<arguments>
<arg>//*[contains(text(),'+30 (Griekenland)')]</arg>
</arguments>
<status status="PASS" starttime="20191204 15:11:18.710" endtime="20191204 15:11:18.744"></status>
</kw>
<kw name="Click Element" library="SeleniumLibrary">
<doc>Click the element identified by ``locator``.</doc>
<arguments>
<arg>//*[text()='+30 (Griekenland)']</arg>
<arg>modifier=False</arg>
</arguments>
<msg timestamp="20191204 15:11:18.746" level="INFO">Clicking element '//*[text()='+30 (Griekenland)']'.</msg>
<status status="PASS" starttime="20191204 15:11:18.745" endtime="20191204 15:11:18.814"></status>
</kw>
<kw name="Input Text" library="SeleniumLibrary">
<doc>Types the given ``text`` into the text field identified by ``locator``.</doc>
<arguments>
<arg>//*[contains(@id,'53_26')]</arg>
<arg>46123124</arg>
</arguments>
<msg timestamp="20191204 15:11:18.815" level="INFO">Typing text '46123124' into text field '//*[contains(@id,'53_26')]'.</msg>
<msg timestamp="20191204 15:11:18.842" level="FAIL">Element with locator '//*[contains(@id,'53_26')]' not found.</msg>
<status status="FAIL" starttime="20191204 15:11:18.815" endtime="20191204 15:11:18.842"></status>
</kw>
<status status="FAIL" starttime="20191204 15:11:16.461" endtime="20191204 15:11:18.843" critical="yes">Element with locator '//*[contains(@id,'53_26')]' not found.</status>
</test>
<test id="s1-t5" name="Testcase 4: Aanmelden als Avans student/medewerker">
<kw name="Login As Student Or Teacher" library="SeleniumKeywords">
<arguments>
<arg>${STUDENT_PASSWORD}</arg>
</arguments>
<kw name="Click Element" library="SeleniumLibrary">
<doc>Click the element identified by ``locator``.</doc>
<arguments>
<arg>//*[@type='submit']</arg>
<arg>modifier=False</arg>
</arguments>
<msg timestamp="20191204 15:11:18.847" level="INFO">Clicking element '//*[@type='submit']'.</msg>
<msg timestamp="20191204 15:11:18.864" level="FAIL">Element with locator '//*[@type='submit']' not found.</msg>
<status status="FAIL" starttime="20191204 15:11:18.847" endtime="20191204 15:11:18.864"></status>
</kw>
<status status="FAIL" starttime="20191204 15:11:18.846" endtime="20191204 15:11:18.865"></status>
</kw>
<status status="FAIL" starttime="20191204 15:11:18.845" endtime="20191204 15:11:18.865" critical="yes">Element with locator '//*[@type='submit']' not found.</status>
</test>
<kw name="Close All Browsers" library="SeleniumLibrary" type="teardown">
<doc>Closes all open browsers and resets the browser cache.</doc>
<status status="PASS" starttime="20191204 15:11:18.868" endtime="20191204 15:11:21.355"></status>
</kw>
<doc>Keyword documentation: https://robotframework.org/SeleniumLibrary/SeleniumLibrary.html

Kijk goed of er keywords zijn die je kan gebruiken in de Keywords/SeleniumKeywords.robot file</doc>
<status status="FAIL" starttime="20191204 15:11:07.095" endtime="20191204 15:11:21.355"></status>
</suite>
<statistics>
<total>
<stat pass="3" fail="2">Critical Tests</stat>
<stat pass="3" fail="2">All Tests</stat>
</total>
<tag>
</tag>
<suite>
<stat pass="3" fail="2" id="s1" name="AuthenticationTestcases">AuthenticationTestcases</stat>
</suite>
</statistics>
<errors>
</errors>
</robot>
