<?xml version="1.0" encoding="UTF-8"?>
<robot generator="Robot 3.1.2 (Python 3.8.0 on win32)" generated="20200106 11:48:41.714" rpa="false">
<suite id="s1" name="RegistrationManagementTestcases" source="C:\Users\Gijs\source\RobotFramework\RobotFrameworkStageSEKTMarktplaats\testcases\RegistrationManagementTestcases.robot">
<test id="s1-t1" name="Testcase 0: Site bezoeken">
<kw name="Open Browser On Local Machine" library="SeleniumKeywords">
<arguments>
<arg>${TEST_URL}</arg>
<arg>${BROWSER}</arg>
</arguments>
<kw name="Set Selenium Speed" library="SeleniumLibrary">
<doc>Sets the delay that is waited after each Selenium command.</doc>
<arguments>
<arg>${SELENIUM_DELAY}</arg>
</arguments>
<status status="PASS" starttime="20200106 11:48:42.162" endtime="20200106 11:48:42.162"></status>
</kw>
<kw name="Open Browser" library="SeleniumLibrary">
<doc>Opens a new browser instance to the optional ``url``.</doc>
<arguments>
<arg>${URL}</arg>
<arg>${BROWSER}</arg>
</arguments>
<msg timestamp="20200106 11:48:42.164" level="INFO">Opening browser 'Chrome' to base url 'https://avansmarktplaats-test.mendixcloud.com/index.html'.</msg>
<status status="PASS" starttime="20200106 11:48:42.163" endtime="20200106 11:48:48.620"></status>
</kw>
<status status="PASS" starttime="20200106 11:48:42.161" endtime="20200106 11:48:48.620"></status>
</kw>
<kw name="Maximize Browser Window" library="SeleniumLibrary">
<doc>Maximizes current browser window.</doc>
<status status="PASS" starttime="20200106 11:48:48.621" endtime="20200106 11:48:52.771"></status>
</kw>
<kw name="Wait Until Page Contains Element" library="SeleniumLibrary">
<doc>Waits until the element ``locator`` appears on the current page.</doc>
<arguments>
<arg>//*[contains(@class,'btn mx-button mx-name-actionButton2 squarebutton btn-default')]</arg>
<arg>timeout=5</arg>
</arguments>
<status status="PASS" starttime="20200106 11:48:52.771" endtime="20200106 11:48:52.806"></status>
</kw>
<kw name="Login As Student Or Teacher Navigate To Page" library="SeleniumKeywords">
<kw name="Sleep" library="BuiltIn">
<doc>Pauses the test executed for the given time.</doc>
<arguments>
<arg>0.5</arg>
</arguments>
<msg timestamp="20200106 11:48:53.312" level="INFO">Slept 500 milliseconds</msg>
<status status="PASS" starttime="20200106 11:48:52.811" endtime="20200106 11:48:53.312"></status>
</kw>
<kw name="Click Element" library="SeleniumLibrary">
<doc>Click the element identified by ``locator``.</doc>
<arguments>
<arg>//*[@type='submit']</arg>
<arg>modifier=False</arg>
</arguments>
<msg timestamp="20200106 11:48:53.313" level="INFO">Clicking element '//*[@type='submit']'.</msg>
<status status="PASS" starttime="20200106 11:48:53.312" endtime="20200106 11:48:54.447"></status>
</kw>
<kw name="Wait Until Page Contains Element" library="SeleniumLibrary">
<doc>Waits until the element ``locator`` appears on the current page.</doc>
<arguments>
<arg>//*[contains(@class,'mod-search-input active')]</arg>
<arg>timeout=5</arg>
</arguments>
<status status="PASS" starttime="20200106 11:48:54.447" endtime="20200106 11:48:54.465"></status>
</kw>
<kw name="Input Text" library="SeleniumLibrary">
<doc>Types the given ``text`` into the text field identified by ``locator``.</doc>
<arguments>
<arg>//*[@class='mod-search-input active']</arg>
<arg>Avans Hogeschool</arg>
</arguments>
<msg timestamp="20200106 11:48:54.465" level="INFO">Typing text 'Avans Hogeschool' into text field '//*[@class='mod-search-input active']'.</msg>
<status status="PASS" starttime="20200106 11:48:54.465" endtime="20200106 11:48:54.631"></status>
</kw>
<kw name="Wait Until Page Contains Element" library="SeleniumLibrary">
<doc>Waits until the element ``locator`` appears on the current page.</doc>
<arguments>
<arg>//*[contains(@class,'result active access focussed')]</arg>
<arg>timeout=2</arg>
</arguments>
<status status="PASS" starttime="20200106 11:48:54.631" endtime="20200106 11:48:54.645"></status>
</kw>
<kw name="Click Element" library="SeleniumLibrary">
<doc>Click the element identified by ``locator``.</doc>
<arguments>
<arg>//*[@class='result active access focussed']</arg>
<arg>modifier=False</arg>
</arguments>
<msg timestamp="20200106 11:48:54.646" level="INFO">Clicking element '//*[@class='result active access focussed']'.</msg>
<status status="PASS" starttime="20200106 11:48:54.645" endtime="20200106 11:48:55.210"></status>
</kw>
<status status="PASS" starttime="20200106 11:48:52.809" endtime="20200106 11:48:55.210"></status>
</kw>
<kw name="Login As Student Or Teacher Fill In Page" library="SeleniumKeywords">
<arguments>
<arg>${STUDENT_PASSWORD}</arg>
</arguments>
<kw name="Wait Until Page Contains Element" library="SeleniumLibrary">
<doc>Waits until the element ``locator`` appears on the current page.</doc>
<arguments>
<arg>id=Ecom_User_ID</arg>
<arg>timeout=5</arg>
</arguments>
<status status="PASS" starttime="20200106 11:48:55.213" endtime="20200106 11:48:55.244"></status>
</kw>
<kw name="Input Text" library="SeleniumLibrary">
<doc>Types the given ``text`` into the text field identified by ``locator``.</doc>
<arguments>
<arg>id=Ecom_User_ID</arg>
<arg>ewallaar</arg>
</arguments>
<msg timestamp="20200106 11:48:55.245" level="INFO">Typing text 'ewallaar' into text field 'id=Ecom_User_ID'.</msg>
<status status="PASS" starttime="20200106 11:48:55.245" endtime="20200106 11:48:55.370"></status>
</kw>
<kw name="Input Text" library="SeleniumLibrary">
<doc>Types the given ``text`` into the text field identified by ``locator``.</doc>
<arguments>
<arg>id=Ecom_Password</arg>
<arg>${STUDENT_PASSWORD}</arg>
</arguments>
<msg timestamp="20200106 11:48:55.370" level="INFO">Typing text 'Gekkehenk@1' into text field 'id=Ecom_Password'.</msg>
<status status="PASS" starttime="20200106 11:48:55.370" endtime="20200106 11:48:55.497"></status>
</kw>
<kw name="Click Element" library="SeleniumLibrary">
<doc>Click the element identified by ``locator``.</doc>
<arguments>
<arg>id=loginButton2</arg>
<arg>modifier=False</arg>
</arguments>
<msg timestamp="20200106 11:48:55.497" level="INFO">Clicking element 'id=loginButton2'.</msg>
<status status="PASS" starttime="20200106 11:48:55.497" endtime="20200106 11:48:55.565"></status>
</kw>
<status status="PASS" starttime="20200106 11:48:55.212" endtime="20200106 11:48:55.565"></status>
</kw>
<status status="PASS" starttime="20200106 11:48:42.161" endtime="20200106 11:48:55.566" critical="yes"></status>
</test>
<test id="s1-t2" name="Testcase 28: Als student een opdracht zoeken">
<kw name="Wait Until Page Contains Element" library="SeleniumLibrary">
<doc>Waits until the element ``locator`` appears on the current page.</doc>
<arguments>
<arg>//*[contains(@class,'search-bar')]//*[contains(@class,'form-control')]</arg>
</arguments>
<status status="PASS" starttime="20200106 11:48:55.570" endtime="20200106 11:48:58.419"></status>
</kw>
<kw name="Sleep" library="BuiltIn">
<doc>Pauses the test executed for the given time.</doc>
<arguments>
<arg>0.5</arg>
</arguments>
<msg timestamp="20200106 11:48:58.921" level="INFO">Slept 500 milliseconds</msg>
<status status="PASS" starttime="20200106 11:48:58.420" endtime="20200106 11:48:58.921"></status>
</kw>
<kw name="Input Text" library="SeleniumLibrary">
<doc>Types the given ``text`` into the text field identified by ``locator``.</doc>
<arguments>
<arg>//*[@class='search-bar']//*[@class='form-control']</arg>
<arg>Broed</arg>
</arguments>
<msg timestamp="20200106 11:48:58.923" level="INFO">Typing text 'Broed' into text field '//*[@class='search-bar']//*[@class='form-control']'.</msg>
<status status="PASS" starttime="20200106 11:48:58.923" endtime="20200106 11:48:59.171"></status>
</kw>
<kw name="Wait Until Page Contains Element" library="SeleniumLibrary">
<doc>Waits until the element ``locator`` appears on the current page.</doc>
<arguments>
<arg>//*[contains(@id, 'mxui_widget_ListViewItem')]</arg>
<arg>timeout=5</arg>
</arguments>
<status status="PASS" starttime="20200106 11:48:59.171" endtime="20200106 11:48:59.186"></status>
</kw>
<kw name="Click Element" library="SeleniumLibrary">
<doc>Click the element identified by ``locator``.</doc>
<arguments>
<arg>//*[contains(@id, 'mxui_widget_ListViewItem')]</arg>
<arg>modifier=False</arg>
</arguments>
<msg timestamp="20200106 11:48:59.187" level="INFO">Clicking element '//*[contains(@id, 'mxui_widget_ListViewItem')]'.</msg>
<status status="PASS" starttime="20200106 11:48:59.186" endtime="20200106 11:48:59.268"></status>
</kw>
<status status="PASS" starttime="20200106 11:48:55.569" endtime="20200106 11:48:59.269" critical="yes"></status>
</test>
<test id="s1-t3" name="Testcase 29: Als student inschrijven voor een opdracht">
<kw name="Wait Until Page Contains Element" library="SeleniumLibrary">
<doc>Waits until the element ``locator`` appears on the current page.</doc>
<arguments>
<arg>//*[@class='btn mx-button mx-name-actionButton2 btn-info']</arg>
<arg>timeout=5</arg>
</arguments>
<status status="PASS" starttime="20200106 11:48:59.271" endtime="20200106 11:48:59.285"></status>
</kw>
<kw name="Click Element" library="SeleniumLibrary">
<doc>Click the element identified by ``locator``.</doc>
<arguments>
<arg>//*[@class='btn mx-button mx-name-actionButton2 btn-info']</arg>
<arg>modifier=False</arg>
</arguments>
<msg timestamp="20200106 11:48:59.286" level="INFO">Clicking element '//*[@class='btn mx-button mx-name-actionButton2 btn-info']'.</msg>
<status status="PASS" starttime="20200106 11:48:59.286" endtime="20200106 11:48:59.400"></status>
</kw>
<kw name="Wait Until Page Contains Element" library="SeleniumLibrary">
<doc>Waits until the element ``locator`` appears on the current page.</doc>
<arguments>
<arg>//*[contains(text(),'Informatie')]</arg>
</arguments>
<status status="PASS" starttime="20200106 11:48:59.401" endtime="20200106 11:49:00.083"></status>
</kw>
<kw name="Click Element" library="SeleniumLibrary">
<doc>Click the element identified by ``locator``.</doc>
<arguments>
<arg>//*[@class='btn btn-primary']</arg>
<arg>modifier=False</arg>
</arguments>
<msg timestamp="20200106 11:49:00.084" level="INFO">Clicking element '//*[@class='btn btn-primary']'.</msg>
<status status="PASS" starttime="20200106 11:49:00.084" endtime="20200106 11:49:00.166"></status>
</kw>
<status status="PASS" starttime="20200106 11:48:59.270" endtime="20200106 11:49:00.166" critical="yes"></status>
</test>
<test id="s1-t4" name="Testcase 30: Als student mijn inschrijvingen bekijken">
<kw name="Wait Until Page Contains Element" library="SeleniumLibrary">
<doc>Waits until the element ``locator`` appears on the current page.</doc>
<arguments>
<arg>//*[@class='mx-link mx-name-actionButton5']</arg>
<arg>timeout=5</arg>
</arguments>
<status status="PASS" starttime="20200106 11:49:00.169" endtime="20200106 11:49:00.198"></status>
</kw>
<kw name="Click Element" library="SeleniumLibrary">
<doc>Click the element identified by ``locator``.</doc>
<arguments>
<arg>//*[@class='mx-link mx-name-actionButton5']</arg>
<arg>modifier=False</arg>
</arguments>
<msg timestamp="20200106 11:49:00.199" level="INFO">Clicking element '//*[@class='mx-link mx-name-actionButton5']'.</msg>
<status status="PASS" starttime="20200106 11:49:00.199" endtime="20200106 11:49:00.324"></status>
</kw>
<kw name="Wait Until Page Contains Element" library="SeleniumLibrary">
<doc>Waits until the element ``locator`` appears on the current page.</doc>
<arguments>
<arg>//*[contains(text(),'Broed')]</arg>
<arg>timeout=5</arg>
</arguments>
<status status="PASS" starttime="20200106 11:49:00.325" endtime="20200106 11:49:00.344"></status>
</kw>
<status status="PASS" starttime="20200106 11:49:00.168" endtime="20200106 11:49:00.345" critical="yes"></status>
</test>
<test id="s1-t5" name="Testcase 31: Als student uitschrijven voor een opdracht">
<kw name="Wait Until Page Contains Element" library="SeleniumLibrary">
<doc>Waits until the element ``locator`` appears on the current page.</doc>
<arguments>
<arg>//*[contains(@class, 'btn mx-button mx-name-actionButton2 pull-right btn-inverse')]</arg>
<arg>timeout=5</arg>
</arguments>
<status status="PASS" starttime="20200106 11:49:00.361" endtime="20200106 11:49:00.645"></status>
</kw>
<kw name="Page Should Not Contain" library="SeleniumLibrary">
<doc>Verifies the current page does not contain ``text``.</doc>
<arguments>
<arg>//*[contains(@class, 'mx-listview-empty')]</arg>
</arguments>
<msg timestamp="20200106 11:49:00.682" level="INFO">Current page does not contain text '//*[contains(@class, 'mx-listview-empty')]'.</msg>
<status status="PASS" starttime="20200106 11:49:00.646" endtime="20200106 11:49:00.682"></status>
</kw>
<kw name="Click Element" library="SeleniumLibrary">
<doc>Click the element identified by ``locator``.</doc>
<arguments>
<arg>//*[@class='btn mx-button mx-name-actionButton2 pull-right btn-inverse']</arg>
<arg>modifier=False</arg>
</arguments>
<msg timestamp="20200106 11:49:00.683" level="INFO">Clicking element '//*[@class='btn mx-button mx-name-actionButton2 pull-right btn-inverse']'.</msg>
<status status="PASS" starttime="20200106 11:49:00.682" endtime="20200106 11:49:00.782"></status>
</kw>
<kw name="Wait Until Page Contains Element" library="SeleniumLibrary">
<doc>Waits until the element ``locator`` appears on the current page.</doc>
<arguments>
<arg>//*[contains(@class,'btn btn-primary')]</arg>
<arg>timeout=5</arg>
</arguments>
<status status="PASS" starttime="20200106 11:49:00.783" endtime="20200106 11:49:00.804"></status>
</kw>
<kw name="Click Element" library="SeleniumLibrary">
<doc>Click the element identified by ``locator``.</doc>
<arguments>
<arg>//*[@class='btn btn-primary']</arg>
<arg>modifier=False</arg>
</arguments>
<msg timestamp="20200106 11:49:00.806" level="INFO">Clicking element '//*[@class='btn btn-primary']'.</msg>
<status status="PASS" starttime="20200106 11:49:00.805" endtime="20200106 11:49:00.866"></status>
</kw>
<kw name="Wait Until Page Contains Element" library="SeleniumLibrary">
<doc>Waits until the element ``locator`` appears on the current page.</doc>
<arguments>
<arg>//*[contains(@class, 'mx-link mx-name-actionButton5')]</arg>
<arg>timeout=5</arg>
</arguments>
<status status="PASS" starttime="20200106 11:49:00.867" endtime="20200106 11:49:00.881"></status>
</kw>
<kw name="Click Element" library="SeleniumLibrary">
<doc>Click the element identified by ``locator``.</doc>
<arguments>
<arg>//*[@class='mx-link mx-name-actionButton5']</arg>
<arg>modifier=False</arg>
</arguments>
<msg timestamp="20200106 11:49:00.882" level="INFO">Clicking element '//*[@class='mx-link mx-name-actionButton5']'.</msg>
<status status="PASS" starttime="20200106 11:49:00.882" endtime="20200106 11:49:00.959"></status>
</kw>
<kw name="Wait Until Page Contains Element" library="SeleniumLibrary">
<doc>Waits until the element ``locator`` appears on the current page.</doc>
<arguments>
<arg>//*[@class='mx-listview-empty']</arg>
<arg>timeout=5</arg>
</arguments>
<status status="PASS" starttime="20200106 11:49:00.960" endtime="20200106 11:49:01.662"></status>
</kw>
<status status="PASS" starttime="20200106 11:49:00.357" endtime="20200106 11:49:01.662" critical="yes"></status>
</test>
<kw name="Close All Browsers" library="SeleniumLibrary" type="teardown">
<doc>Closes all open browsers and resets the browser cache.</doc>
<status status="PASS" starttime="20200106 11:49:01.665" endtime="20200106 11:49:03.865"></status>
</kw>
<doc>Keyword documentation: https://robotframework.org/SeleniumLibrary/SeleniumLibrary.html

Kijk goed of er keywords zijn die je kan gebruiken in de Keywords/SeleniumKeywords.robot file</doc>
<status status="PASS" starttime="20200106 11:48:41.717" endtime="20200106 11:49:03.865"></status>
</suite>
<statistics>
<total>
<stat pass="5" fail="0">Critical Tests</stat>
<stat pass="5" fail="0">All Tests</stat>
</total>
<tag>
</tag>
<suite>
<stat pass="5" fail="0" id="s1" name="RegistrationManagementTestcases">RegistrationManagementTestcases</stat>
</suite>
</statistics>
<errors>
</errors>
</robot>
