<?xml version="1.0" encoding="UTF-8"?>
<robot generator="Robot 3.1.2 (Python 3.8.0 on win32)" generated="20191217 13:15:44.229" rpa="false">
<suite id="s1" name="OrganisationManagementECETestcases" source="C:\MarktplaatsRobotFramework\Testcases\OrganisationManagementECETestcases.robot">
<test id="s1-t1" name="Testcase 0: Site bezoeken">
<kw name="Open Browser On Local Machine" library="SeleniumKeywords">
<arguments>
<arg>${TEST_URL}</arg>
<arg>${BROWSER}</arg>
</arguments>
<kw name="Set Selenium Speed" library="SeleniumLibrary">
<doc>Sets the delay that is waited after each Selenium command.</doc>
<arguments>
<arg>${SELENIUM_DELAY}</arg>
</arguments>
<status status="PASS" starttime="20191217 13:15:44.474" endtime="20191217 13:15:44.475"></status>
</kw>
<kw name="Open Browser" library="SeleniumLibrary">
<doc>Opens a new browser instance to the optional ``url``.</doc>
<arguments>
<arg>${URL}</arg>
<arg>${BROWSER}</arg>
</arguments>
<msg timestamp="20191217 13:15:44.475" level="INFO">Opening browser 'Chrome' to base url 'https://avansmarktplaats-test.mendixcloud.com/index.html'.</msg>
<status status="PASS" starttime="20191217 13:15:44.475" endtime="20191217 13:15:47.284"></status>
</kw>
<status status="PASS" starttime="20191217 13:15:44.474" endtime="20191217 13:15:47.284"></status>
</kw>
<kw name="Wait Until Page Contains Element" library="SeleniumLibrary">
<doc>Waits until the element ``locator`` appears on the current page.</doc>
<arguments>
<arg>//*[contains(@class,'btn mx-button mx-name-actionButton2 squarebutton btn-default')]</arg>
<arg>timeout=5</arg>
</arguments>
<status status="PASS" starttime="20191217 13:15:47.285" endtime="20191217 13:15:48.388"></status>
</kw>
<kw name="Login As Organisation" library="SeleniumKeywords">
<arguments>
<arg>g.vanmorsel@coolblue.nl</arg>
<arg>Mendix1</arg>
</arguments>
<kw name="Click Element" library="SeleniumLibrary">
<doc>Click the element identified by ``locator``.</doc>
<arguments>
<arg>//*[@class='btn mx-button mx-name-actionButton2 squarebutton btn-default']</arg>
<arg>modifier=False</arg>
</arguments>
<msg timestamp="20191217 13:15:48.389" level="INFO">Clicking element '//*[@class='btn mx-button mx-name-actionButton2 squarebutton btn-default']'.</msg>
<status status="PASS" starttime="20191217 13:15:48.389" endtime="20191217 13:15:48.565"></status>
</kw>
<kw name="Wait Until Page Contains Element" library="SeleniumLibrary">
<doc>Waits until the element ``locator`` appears on the current page.</doc>
<arguments>
<arg>//*[contains(@class,'form-group mx-loginidtextbox no-columns mx-name-loginIdTextBox1')]</arg>
<arg>timeout=5</arg>
</arguments>
<status status="PASS" starttime="20191217 13:15:48.565" endtime="20191217 13:15:48.792"></status>
</kw>
<kw name="Input Text" library="SeleniumLibrary">
<doc>Types the given ``text`` into the text field identified by ``locator``.</doc>
<arguments>
<arg>//*[@class='form-group mx-loginidtextbox no-columns mx-name-loginIdTextBox1']//*[@class='form-control']</arg>
<arg>${EMPLOYEE_USERNAME}</arg>
</arguments>
<msg timestamp="20191217 13:15:48.792" level="INFO">Typing text 'g.vanmorsel@coolblue.nl' into text field '//*[@class='form-group mx-loginidtextbox no-columns mx-name-loginIdTextBox1']//*[@class='form-control']'.</msg>
<status status="PASS" starttime="20191217 13:15:48.792" endtime="20191217 13:15:48.951"></status>
</kw>
<kw name="Input Text" library="SeleniumLibrary">
<doc>Types the given ``text`` into the text field identified by ``locator``.</doc>
<arguments>
<arg>//*[@class='form-group mx-passwordtextbox no-columns mx-name-passwordTextBox1']//*[@class='form-control']</arg>
<arg>${EMPLOYEE_PASSWORD}</arg>
</arguments>
<msg timestamp="20191217 13:15:48.952" level="INFO">Typing text 'Mendix1' into text field '//*[@class='form-group mx-passwordtextbox no-columns mx-name-passwordTextBox1']//*[@class='form-control']'.</msg>
<status status="PASS" starttime="20191217 13:15:48.952" endtime="20191217 13:15:49.090"></status>
</kw>
<kw name="Click Element" library="SeleniumLibrary">
<doc>Click the element identified by ``locator``.</doc>
<arguments>
<arg>id=mxui_widget_LoginButton_0</arg>
<arg>modifier=False</arg>
</arguments>
<msg timestamp="20191217 13:15:49.091" level="INFO">Clicking element 'id=mxui_widget_LoginButton_0'.</msg>
<status status="PASS" starttime="20191217 13:15:49.090" endtime="20191217 13:15:49.183"></status>
</kw>
<status status="PASS" starttime="20191217 13:15:48.388" endtime="20191217 13:15:49.183"></status>
</kw>
<status status="PASS" starttime="20191217 13:15:44.473" endtime="20191217 13:15:49.183" critical="yes"></status>
</test>
<test id="s1-t2" name="Testcase 6.1: Als extern bedrijfsmedewerker naar het opdrachtform navigeren">
<kw name="As External Employee Navigate To Assignment Form" library="SeleniumKeywords">
<kw name="Sleep" library="BuiltIn">
<doc>Pauses the test executed for the given time.</doc>
<arguments>
<arg>2.0</arg>
</arguments>
<msg timestamp="20191217 13:15:51.191" level="INFO">Slept 2 seconds</msg>
<status status="PASS" starttime="20191217 13:15:49.189" endtime="20191217 13:15:51.191"></status>
</kw>
<kw name="Wait Until Page Contains Element" library="SeleniumLibrary">
<doc>Waits until the element ``locator`` appears on the current page.</doc>
<arguments>
<arg>//*[contains(@class,'mx-link mx-name-actionButton9')]</arg>
<arg>timeout=5</arg>
</arguments>
<status status="PASS" starttime="20191217 13:15:51.191" endtime="20191217 13:15:51.209"></status>
</kw>
<kw name="Click Element" library="SeleniumLibrary">
<doc>Click the element identified by ``locator``.</doc>
<arguments>
<arg>//*[@class='mx-link mx-name-actionButton9']</arg>
<arg>modifier=false</arg>
</arguments>
<msg timestamp="20191217 13:15:51.211" level="INFO">Clicking element '//*[@class='mx-link mx-name-actionButton9']'.</msg>
<status status="PASS" starttime="20191217 13:15:51.209" endtime="20191217 13:15:51.297"></status>
</kw>
<kw name="Wait Until Page Contains Element" library="SeleniumLibrary">
<doc>Waits until the element ``locator`` appears on the current page.</doc>
<arguments>
<arg>//*[contains(@class,'btn mx-button mx-name-actionButton1 btn-default')]</arg>
<arg>timeout=5</arg>
</arguments>
<status status="PASS" starttime="20191217 13:15:51.297" endtime="20191217 13:15:51.542"></status>
</kw>
<kw name="Sleep" library="BuiltIn">
<doc>Pauses the test executed for the given time.</doc>
<arguments>
<arg>0.5</arg>
</arguments>
<msg timestamp="20191217 13:15:52.045" level="INFO">Slept 500 milliseconds</msg>
<status status="PASS" starttime="20191217 13:15:51.542" endtime="20191217 13:15:52.045"></status>
</kw>
<kw name="Click Element" library="SeleniumLibrary">
<doc>Click the element identified by ``locator``.</doc>
<arguments>
<arg>//*[@class='btn mx-button mx-name-actionButton1 btn-default']</arg>
<arg>modifier=false</arg>
</arguments>
<msg timestamp="20191217 13:15:52.045" level="INFO">Clicking element '//*[@class='btn mx-button mx-name-actionButton1 btn-default']'.</msg>
<status status="PASS" starttime="20191217 13:15:52.045" endtime="20191217 13:15:52.127"></status>
</kw>
<status status="PASS" starttime="20191217 13:15:49.189" endtime="20191217 13:15:52.128"></status>
</kw>
<status status="PASS" starttime="20191217 13:15:49.188" endtime="20191217 13:15:52.128" critical="yes"></status>
</test>
<test id="s1-t3" name="Testcase 6.2: Als extern bedrijfsmedewerker een stageopdracht aanmelden maar niet alle gegevens invullen">
<kw name="Wait Until Page Contains Element" library="SeleniumLibrary">
<doc>Waits until the element ``locator`` appears on the current page.</doc>
<arguments>
<arg>//*[contains(@class,'btn mx-button mx-name-actionButton1 btn-primary')]</arg>
<arg>timeout=5</arg>
</arguments>
<status status="PASS" starttime="20191217 13:15:52.130" endtime="20191217 13:15:52.388"></status>
</kw>
<kw name="Click Element" library="SeleniumLibrary">
<doc>Click the element identified by ``locator``.</doc>
<arguments>
<arg>//*[@class='btn mx-button mx-name-actionButton1 btn-primary']</arg>
<arg>modifier=false</arg>
</arguments>
<msg timestamp="20191217 13:15:52.392" level="INFO">Clicking element '//*[@class='btn mx-button mx-name-actionButton1 btn-primary']'.</msg>
<status status="PASS" starttime="20191217 13:15:52.390" endtime="20191217 13:15:52.493"></status>
</kw>
<kw name="Wait Until Page Contains Element" library="SeleniumLibrary">
<doc>Waits until the element ``locator`` appears on the current page.</doc>
<arguments>
<arg>//*[contains(@class,'alert alert-danger mx-validation-message')]</arg>
<arg>timeout=5</arg>
</arguments>
<status status="PASS" starttime="20191217 13:15:52.494" endtime="20191217 13:15:52.719"></status>
</kw>
<kw name="Click Element" library="SeleniumLibrary">
<doc>Click the element identified by ``locator``.</doc>
<arguments>
<arg>//*[@class='btn mx-button mx-name-actionButton4 btn-inverse']</arg>
<arg>modifier=false</arg>
</arguments>
<msg timestamp="20191217 13:15:52.719" level="INFO">Clicking element '//*[@class='btn mx-button mx-name-actionButton4 btn-inverse']'.</msg>
<status status="PASS" starttime="20191217 13:15:52.719" endtime="20191217 13:15:52.816"></status>
</kw>
<status status="PASS" starttime="20191217 13:15:52.129" endtime="20191217 13:15:52.816" critical="yes"></status>
</test>
<test id="s1-t4" name="Testcase 6.3: Als extern bedrijfsmedewerker succesvol een stageopdracht aanmelden">
<kw name="As External Employee Navigate To Assignment Form" library="SeleniumKeywords">
<kw name="Sleep" library="BuiltIn">
<doc>Pauses the test executed for the given time.</doc>
<arguments>
<arg>2.0</arg>
</arguments>
<msg timestamp="20191217 13:15:54.819" level="INFO">Slept 2 seconds</msg>
<status status="PASS" starttime="20191217 13:15:52.818" endtime="20191217 13:15:54.819"></status>
</kw>
<kw name="Wait Until Page Contains Element" library="SeleniumLibrary">
<doc>Waits until the element ``locator`` appears on the current page.</doc>
<arguments>
<arg>//*[contains(@class,'mx-link mx-name-actionButton9')]</arg>
<arg>timeout=5</arg>
</arguments>
<status status="PASS" starttime="20191217 13:15:54.819" endtime="20191217 13:15:54.854"></status>
</kw>
<kw name="Click Element" library="SeleniumLibrary">
<doc>Click the element identified by ``locator``.</doc>
<arguments>
<arg>//*[@class='mx-link mx-name-actionButton9']</arg>
<arg>modifier=false</arg>
</arguments>
<msg timestamp="20191217 13:15:54.855" level="INFO">Clicking element '//*[@class='mx-link mx-name-actionButton9']'.</msg>
<status status="PASS" starttime="20191217 13:15:54.854" endtime="20191217 13:15:54.948"></status>
</kw>
<kw name="Wait Until Page Contains Element" library="SeleniumLibrary">
<doc>Waits until the element ``locator`` appears on the current page.</doc>
<arguments>
<arg>//*[contains(@class,'btn mx-button mx-name-actionButton1 btn-default')]</arg>
<arg>timeout=5</arg>
</arguments>
<status status="PASS" starttime="20191217 13:15:54.948" endtime="20191217 13:15:55.170"></status>
</kw>
<kw name="Sleep" library="BuiltIn">
<doc>Pauses the test executed for the given time.</doc>
<arguments>
<arg>0.5</arg>
</arguments>
<msg timestamp="20191217 13:15:55.671" level="INFO">Slept 500 milliseconds</msg>
<status status="PASS" starttime="20191217 13:15:55.170" endtime="20191217 13:15:55.671"></status>
</kw>
<kw name="Click Element" library="SeleniumLibrary">
<doc>Click the element identified by ``locator``.</doc>
<arguments>
<arg>//*[@class='btn mx-button mx-name-actionButton1 btn-default']</arg>
<arg>modifier=false</arg>
</arguments>
<msg timestamp="20191217 13:15:55.671" level="INFO">Clicking element '//*[@class='btn mx-button mx-name-actionButton1 btn-default']'.</msg>
<status status="PASS" starttime="20191217 13:15:55.671" endtime="20191217 13:15:55.801"></status>
</kw>
<status status="PASS" starttime="20191217 13:15:52.818" endtime="20191217 13:15:55.801"></status>
</kw>
<kw name="Wait Until Page Contains Element" library="SeleniumLibrary">
<doc>Waits until the element ``locator`` appears on the current page.</doc>
<arguments>
<arg>//*[contains(@class,'form-group mx-referenceselector mx-name-referenceSelector1 StudyprogramNL')]</arg>
<arg>timeout=5</arg>
</arguments>
<status status="PASS" starttime="20191217 13:15:55.802" endtime="20191217 13:15:56.041"></status>
</kw>
<kw name="Sleep" library="BuiltIn">
<doc>Pauses the test executed for the given time.</doc>
<arguments>
<arg>0.5</arg>
</arguments>
<msg timestamp="20191217 13:15:56.543" level="INFO">Slept 500 milliseconds</msg>
<status status="PASS" starttime="20191217 13:15:56.041" endtime="20191217 13:15:56.543"></status>
</kw>
<kw name="Select From List By Index" library="SeleniumLibrary">
<doc>Selects options from selection list ``locator`` by ``indexes``.</doc>
<arguments>
<arg>//*[@class='form-group mx-referenceselector mx-name-referenceSelector2']//*[@class='col-sm-9']//*[@class='mx-compound-control']//*[@class='form-control']</arg>
<arg>2</arg>
</arguments>
<msg timestamp="20191217 13:15:56.544" level="INFO">Selecting options from selection list '//*[@class='form-group mx-referenceselector mx-name-referenceSelector2']//*[@class='col-sm-9']//*[@class='mx-compound-control']//*[@class='form-control']' by index 2.</msg>
<status status="PASS" starttime="20191217 13:15:56.543" endtime="20191217 13:15:56.712"></status>
</kw>
<kw name="Select From List By Index" library="SeleniumLibrary">
<doc>Selects options from selection list ``locator`` by ``indexes``.</doc>
<arguments>
<arg>//*[@class='form-group mx-referenceselector mx-name-referenceSelector1 StudyprogramNL']//*[@class='col-sm-9']//*[@class='mx-compound-control']//*[@class='form-control']</arg>
<arg>1</arg>
</arguments>
<msg timestamp="20191217 13:15:56.713" level="INFO">Selecting options from selection list '//*[@class='form-group mx-referenceselector mx-name-referenceSelector1 StudyprogramNL']//*[@class='col-sm-9']//*[@class='mx-compound-control']//*[@class='form-control']' by index 1.</msg>
<status status="PASS" starttime="20191217 13:15:56.713" endtime="20191217 13:15:56.912"></status>
</kw>
<kw name="Input Text" library="SeleniumLibrary">
<doc>Types the given ``text`` into the text field identified by ``locator``.</doc>
<arguments>
<arg>//*[@class='mx-name-textBoxTitel Titel mx-textbox form-group']//*[@class='col-sm-9']//*[@class='form-control']</arg>
<arg>testopdracht</arg>
</arguments>
<msg timestamp="20191217 13:15:56.913" level="INFO">Typing text 'testopdracht' into text field '//*[@class='mx-name-textBoxTitel Titel mx-textbox form-group']//*[@class='col-sm-9']//*[@class='form-control']'.</msg>
<status status="PASS" starttime="20191217 13:15:56.912" endtime="20191217 13:15:57.097"></status>
</kw>
<kw name="Input Text" library="SeleniumLibrary">
<doc>Types the given ``text`` into the text field identified by ``locator``.</doc>
<arguments>
<arg>//*[@class='mx-name-textAreaAanleiding Aanleiding mx-textarea form-group']//*[@class='col-sm-9']//*[@class='form-control mx-textarea-input']</arg>
<arg>we makem een testopdracht</arg>
</arguments>
<msg timestamp="20191217 13:15:57.098" level="INFO">Typing text 'we makem een testopdracht' into text field '//*[@class='mx-name-textAreaAanleiding Aanleiding mx-textarea form-group']//*[@class='col-sm-9']//*[@class='form-control mx-textarea-input']'.</msg>
<status status="PASS" starttime="20191217 13:15:57.097" endtime="20191217 13:15:57.333"></status>
</kw>
<kw name="Input Text" library="SeleniumLibrary">
<doc>Types the given ``text`` into the text field identified by ``locator``.</doc>
<arguments>
<arg>//*[@class='mx-name-textAreaOmschrijving OpdrachtOmschrijving mx-textarea form-group']//*[@class='col-sm-9']//*[@class='form-control mx-textarea-input']</arg>
<arg>we maken een testopdracht</arg>
</arguments>
<msg timestamp="20191217 13:15:57.334" level="INFO">Typing text 'we maken een testopdracht' into text field '//*[@class='mx-name-textAreaOmschrijving OpdrachtOmschrijving mx-textarea form-group']//*[@class='col-sm-9']//*[@class='form-control mx-textarea-input']'.</msg>
<status status="PASS" starttime="20191217 13:15:57.334" endtime="20191217 13:15:57.567"></status>
</kw>
<kw name="Input Text" library="SeleniumLibrary">
<doc>Types the given ``text`` into the text field identified by ``locator``.</doc>
<arguments>
<arg>//*[@class='mx-name-textBoxAanbvullendeInfo Literatuur mx-textbox form-group']//*[@class='col-sm-9']//*[@class='form-control']</arg>
<arg>www.chatmetvreemden.nl</arg>
</arguments>
<msg timestamp="20191217 13:15:57.567" level="INFO">Typing text 'www.chatmetvreemden.nl' into text field '//*[@class='mx-name-textBoxAanbvullendeInfo Literatuur mx-textbox form-group']//*[@class='col-sm-9']//*[@class='form-control']'.</msg>
<status status="PASS" starttime="20191217 13:15:57.567" endtime="20191217 13:15:57.808"></status>
</kw>
<kw name="Input Text" library="SeleniumLibrary">
<doc>Types the given ``text`` into the text field identified by ``locator``.</doc>
<arguments>
<arg>//*[@class='mx-name-textAreaSolliciterenVia Solliciteren mx-textarea form-group']//*[@class='col-sm-9']//*[@class='form-control mx-textarea-input']</arg>
<arg>diego sweet</arg>
</arguments>
<msg timestamp="20191217 13:15:57.809" level="INFO">Typing text 'diego sweet' into text field '//*[@class='mx-name-textAreaSolliciterenVia Solliciteren mx-textarea form-group']//*[@class='col-sm-9']//*[@class='form-control mx-textarea-input']'.</msg>
<status status="PASS" starttime="20191217 13:15:57.808" endtime="20191217 13:15:57.976"></status>
</kw>
<kw name="Input Text" library="SeleniumLibrary">
<doc>Types the given ``text`` into the text field identified by ``locator``.</doc>
<arguments>
<arg>//*[@class='mx-name-Opmerkingen Opmerkingen mx-textarea form-group']//*[@class='col-sm-9']//*[@class='form-control mx-textarea-input']</arg>
<arg>wwww.chatmetvreemden.nl</arg>
</arguments>
<msg timestamp="20191217 13:15:57.976" level="INFO">Typing text 'wwww.chatmetvreemden.nl' into text field '//*[@class='mx-name-Opmerkingen Opmerkingen mx-textarea form-group']//*[@class='col-sm-9']//*[@class='form-control mx-textarea-input']'.</msg>
<status status="PASS" starttime="20191217 13:15:57.976" endtime="20191217 13:15:58.190"></status>
</kw>
<kw name="Click Element" library="SeleniumLibrary">
<doc>Click the element identified by ``locator``.</doc>
<arguments>
<arg>//*[@class='btn mx-button mx-name-actionButton1 btn-primary']</arg>
<arg>modifier=false</arg>
</arguments>
<msg timestamp="20191217 13:15:58.191" level="INFO">Clicking element '//*[@class='btn mx-button mx-name-actionButton1 btn-primary']'.</msg>
<status status="PASS" starttime="20191217 13:15:58.190" endtime="20191217 13:15:58.294"></status>
</kw>
<kw name="Wait Until Page Contains Element" library="SeleniumLibrary">
<doc>Waits until the element ``locator`` appears on the current page.</doc>
<arguments>
<arg>//*[contains(@class,'btn btn-primary')]</arg>
<arg>timeout=5</arg>
</arguments>
<status status="PASS" starttime="20191217 13:15:58.294" endtime="20191217 13:15:59.112"></status>
</kw>
<kw name="Click Element" library="SeleniumLibrary">
<doc>Click the element identified by ``locator``.</doc>
<arguments>
<arg>//*[@class='btn btn-primary']</arg>
<arg>modifier=false</arg>
</arguments>
<msg timestamp="20191217 13:15:59.113" level="INFO">Clicking element '//*[@class='btn btn-primary']'.</msg>
<status status="PASS" starttime="20191217 13:15:59.113" endtime="20191217 13:15:59.195"></status>
</kw>
<kw name="Sleep" library="BuiltIn">
<doc>Pauses the test executed for the given time.</doc>
<arguments>
<arg>0.5</arg>
</arguments>
<msg timestamp="20191217 13:15:59.697" level="INFO">Slept 500 milliseconds</msg>
<status status="PASS" starttime="20191217 13:15:59.196" endtime="20191217 13:15:59.697"></status>
</kw>
<status status="PASS" starttime="20191217 13:15:52.817" endtime="20191217 13:15:59.697" critical="yes"></status>
</test>
<test id="s1-t5" name="Testcase 41: Als extern bedrijfsmedewerker een stageopdracht als concept opslaan">
<kw name="Sleep" library="BuiltIn">
<doc>Pauses the test executed for the given time.</doc>
<arguments>
<arg>0.5</arg>
</arguments>
<msg timestamp="20191217 13:16:00.201" level="INFO">Slept 500 milliseconds</msg>
<status status="PASS" starttime="20191217 13:15:59.699" endtime="20191217 13:16:00.201"></status>
</kw>
<kw name="Wait Until Page Contains Element" library="SeleniumLibrary">
<doc>Waits until the element ``locator`` appears on the current page.</doc>
<arguments>
<arg>//*[contains(@class,'mx-link mx-name-actionButton9')]</arg>
<arg>timeout=5</arg>
</arguments>
<status status="PASS" starttime="20191217 13:16:00.201" endtime="20191217 13:16:00.210"></status>
</kw>
<kw name="Sleep" library="BuiltIn">
<doc>Pauses the test executed for the given time.</doc>
<arguments>
<arg>0.5</arg>
</arguments>
<msg timestamp="20191217 13:16:00.711" level="INFO">Slept 500 milliseconds</msg>
<status status="PASS" starttime="20191217 13:16:00.210" endtime="20191217 13:16:00.711"></status>
</kw>
<kw name="Click Element" library="SeleniumLibrary">
<doc>Click the element identified by ``locator``.</doc>
<arguments>
<arg>//*[@class='mx-link mx-name-actionButton9']</arg>
<arg>modifier=false</arg>
</arguments>
<msg timestamp="20191217 13:16:00.711" level="INFO">Clicking element '//*[@class='mx-link mx-name-actionButton9']'.</msg>
<status status="PASS" starttime="20191217 13:16:00.711" endtime="20191217 13:16:00.790"></status>
</kw>
<kw name="Wait Until Page Contains Element" library="SeleniumLibrary">
<doc>Waits until the element ``locator`` appears on the current page.</doc>
<arguments>
<arg>//*[contains(@class,'btn mx-button mx-name-actionButton1 btn-default')]</arg>
<arg>timeout=5</arg>
</arguments>
<status status="PASS" starttime="20191217 13:16:00.791" endtime="20191217 13:16:01.036"></status>
</kw>
<kw name="Sleep" library="BuiltIn">
<doc>Pauses the test executed for the given time.</doc>
<arguments>
<arg>0.5</arg>
</arguments>
<msg timestamp="20191217 13:16:01.540" level="INFO">Slept 500 milliseconds</msg>
<status status="PASS" starttime="20191217 13:16:01.039" endtime="20191217 13:16:01.540"></status>
</kw>
<kw name="Click Element" library="SeleniumLibrary">
<doc>Click the element identified by ``locator``.</doc>
<arguments>
<arg>//*[@class='btn mx-button mx-name-actionButton1 btn-default']</arg>
<arg>modifier=false</arg>
</arguments>
<msg timestamp="20191217 13:16:01.540" level="INFO">Clicking element '//*[@class='btn mx-button mx-name-actionButton1 btn-default']'.</msg>
<status status="PASS" starttime="20191217 13:16:01.540" endtime="20191217 13:16:01.616"></status>
</kw>
<kw name="Wait Until Page Contains Element" library="SeleniumLibrary">
<doc>Waits until the element ``locator`` appears on the current page.</doc>
<arguments>
<arg>//*[contains(@class,'form-group mx-referenceselector mx-name-referenceSelector1 StudyprogramNL')]</arg>
<arg>timeout=5</arg>
</arguments>
<status status="PASS" starttime="20191217 13:16:01.617" endtime="20191217 13:16:01.856"></status>
</kw>
<kw name="Sleep" library="BuiltIn">
<doc>Pauses the test executed for the given time.</doc>
<arguments>
<arg>0.5</arg>
</arguments>
<msg timestamp="20191217 13:16:02.359" level="INFO">Slept 500 milliseconds</msg>
<status status="PASS" starttime="20191217 13:16:01.857" endtime="20191217 13:16:02.359"></status>
</kw>
<kw name="Select From List By Index" library="SeleniumLibrary">
<doc>Selects options from selection list ``locator`` by ``indexes``.</doc>
<arguments>
<arg>//*[@class='form-group mx-referenceselector mx-name-referenceSelector1 StudyprogramNL']//*[@class='col-sm-9']//*[@class='mx-compound-control']//*[@class='form-control']</arg>
<arg>1</arg>
</arguments>
<msg timestamp="20191217 13:16:02.359" level="INFO">Selecting options from selection list '//*[@class='form-group mx-referenceselector mx-name-referenceSelector1 StudyprogramNL']//*[@class='col-sm-9']//*[@class='mx-compound-control']//*[@class='form-control']' by index 1.</msg>
<status status="PASS" starttime="20191217 13:16:02.359" endtime="20191217 13:16:02.504"></status>
</kw>
<kw name="Input Text" library="SeleniumLibrary">
<doc>Types the given ``text`` into the text field identified by ``locator``.</doc>
<arguments>
<arg>//*[@class='mx-name-textBoxTitel Titel mx-textbox form-group']//*[@class='col-sm-9']//*[@class='form-control']</arg>
<arg>tempopdracht</arg>
</arguments>
<msg timestamp="20191217 13:16:02.505" level="INFO">Typing text 'tempopdracht' into text field '//*[@class='mx-name-textBoxTitel Titel mx-textbox form-group']//*[@class='col-sm-9']//*[@class='form-control']'.</msg>
<status status="PASS" starttime="20191217 13:16:02.505" endtime="20191217 13:16:02.699"></status>
</kw>
<kw name="Input Text" library="SeleniumLibrary">
<doc>Types the given ``text`` into the text field identified by ``locator``.</doc>
<arguments>
<arg>//*[@class='mx-name-textAreaAanleiding Aanleiding mx-textarea form-group']//*[@class='col-sm-9']//*[@class='form-control mx-textarea-input']</arg>
<arg>we maken een tempopdracht</arg>
</arguments>
<msg timestamp="20191217 13:16:02.699" level="INFO">Typing text 'we maken een tempopdracht' into text field '//*[@class='mx-name-textAreaAanleiding Aanleiding mx-textarea form-group']//*[@class='col-sm-9']//*[@class='form-control mx-textarea-input']'.</msg>
<status status="PASS" starttime="20191217 13:16:02.699" endtime="20191217 13:16:02.909"></status>
</kw>
<kw name="Click Element" library="SeleniumLibrary">
<doc>Click the element identified by ``locator``.</doc>
<arguments>
<arg>//*[@class='btn mx-button mx-name-actionButton5 btn-default']</arg>
<arg>modifier=false</arg>
</arguments>
<msg timestamp="20191217 13:16:02.909" level="INFO">Clicking element '//*[@class='btn mx-button mx-name-actionButton5 btn-default']'.</msg>
<status status="PASS" starttime="20191217 13:16:02.909" endtime="20191217 13:16:03.007"></status>
</kw>
<kw name="Wait Until Page Contains Element" library="SeleniumLibrary">
<doc>Waits until the element ``locator`` appears on the current page.</doc>
<arguments>
<arg>//*[contains(@class,'mx-link mx-name-actionButton9')]</arg>
<arg>timeout=5</arg>
</arguments>
<status status="PASS" starttime="20191217 13:16:03.007" endtime="20191217 13:16:03.282"></status>
</kw>
<kw name="Sleep" library="BuiltIn">
<doc>Pauses the test executed for the given time.</doc>
<arguments>
<arg>0.5</arg>
</arguments>
<msg timestamp="20191217 13:16:03.782" level="INFO">Slept 500 milliseconds</msg>
<status status="PASS" starttime="20191217 13:16:03.282" endtime="20191217 13:16:03.782"></status>
</kw>
<kw name="Click Element" library="SeleniumLibrary">
<doc>Click the element identified by ``locator``.</doc>
<arguments>
<arg>//*[@class='mx-link mx-name-actionButton9']</arg>
<arg>modifier=false</arg>
</arguments>
<msg timestamp="20191217 13:16:03.783" level="INFO">Clicking element '//*[@class='mx-link mx-name-actionButton9']'.</msg>
<status status="PASS" starttime="20191217 13:16:03.782" endtime="20191217 13:16:03.883"></status>
</kw>
<kw name="Wait Until Page Contains Element" library="SeleniumLibrary">
<doc>Waits until the element ``locator`` appears on the current page.</doc>
<arguments>
<arg>//*[contains(@class,'btn mx-button mx-name-actionButton2 btn-default')]</arg>
<arg>timeout=5</arg>
</arguments>
<status status="PASS" starttime="20191217 13:16:03.884" endtime="20191217 13:16:04.113"></status>
</kw>
<kw name="Sleep" library="BuiltIn">
<doc>Pauses the test executed for the given time.</doc>
<arguments>
<arg>0.5</arg>
</arguments>
<msg timestamp="20191217 13:16:04.613" level="INFO">Slept 500 milliseconds</msg>
<status status="PASS" starttime="20191217 13:16:04.113" endtime="20191217 13:16:04.613"></status>
</kw>
<kw name="Click Element" library="SeleniumLibrary">
<doc>Click the element identified by ``locator``.</doc>
<arguments>
<arg>//*[@class='btn mx-button mx-name-actionButton2 btn-default']</arg>
<arg>modifier=false</arg>
</arguments>
<msg timestamp="20191217 13:16:04.614" level="INFO">Clicking element '//*[@class='btn mx-button mx-name-actionButton2 btn-default']'.</msg>
<status status="PASS" starttime="20191217 13:16:04.614" endtime="20191217 13:16:04.694"></status>
</kw>
<kw name="Sleep" library="BuiltIn">
<doc>Pauses the test executed for the given time.</doc>
<arguments>
<arg>0.5</arg>
</arguments>
<msg timestamp="20191217 13:16:05.195" level="INFO">Slept 500 milliseconds</msg>
<status status="PASS" starttime="20191217 13:16:04.694" endtime="20191217 13:16:05.195"></status>
</kw>
<kw name="Wait Until Page Contains Element" library="SeleniumLibrary">
<doc>Waits until the element ``locator`` appears on the current page.</doc>
<arguments>
<arg>//*[contains(text(),'tempopdracht')]</arg>
<arg>timeout=5</arg>
</arguments>
<status status="PASS" starttime="20191217 13:16:05.196" endtime="20191217 13:16:05.231"></status>
</kw>
<kw name="Wait Until Page Contains Element" library="SeleniumLibrary">
<doc>Waits until the element ``locator`` appears on the current page.</doc>
<arguments>
<arg>//*[contains(@class,'btn mx-button mx-name-actionButton4 btn-inverse')]</arg>
<arg>timeout=5</arg>
</arguments>
<status status="PASS" starttime="20191217 13:16:05.232" endtime="20191217 13:16:05.249"></status>
</kw>
<kw name="Click Element" library="SeleniumLibrary">
<doc>Click the element identified by ``locator``.</doc>
<arguments>
<arg>//*[@class='btn mx-button mx-name-actionButton4 btn-inverse']</arg>
<arg>modifier=false</arg>
</arguments>
<msg timestamp="20191217 13:16:05.251" level="INFO">Clicking element '//*[@class='btn mx-button mx-name-actionButton4 btn-inverse']'.</msg>
<status status="PASS" starttime="20191217 13:16:05.250" endtime="20191217 13:16:05.335"></status>
</kw>
<kw name="Wait Until Page Contains Element" library="SeleniumLibrary">
<doc>Waits until the element ``locator`` appears on the current page.</doc>
<arguments>
<arg>//*[contains(@class,'mx-link mx-name-actionButton9')]</arg>
<arg>timeout=5</arg>
</arguments>
<status status="PASS" starttime="20191217 13:16:05.336" endtime="20191217 13:16:05.593"></status>
</kw>
<kw name="Sleep" library="BuiltIn">
<doc>Pauses the test executed for the given time.</doc>
<arguments>
<arg>0.5</arg>
</arguments>
<msg timestamp="20191217 13:16:06.095" level="INFO">Slept 500 milliseconds</msg>
<status status="PASS" starttime="20191217 13:16:05.594" endtime="20191217 13:16:06.095"></status>
</kw>
<kw name="Click Element" library="SeleniumLibrary">
<doc>Click the element identified by ``locator``.</doc>
<arguments>
<arg>//*[@class='mx-link mx-name-actionButton9']</arg>
<arg>modifier=false</arg>
</arguments>
<msg timestamp="20191217 13:16:06.096" level="INFO">Clicking element '//*[@class='mx-link mx-name-actionButton9']'.</msg>
<status status="PASS" starttime="20191217 13:16:06.096" endtime="20191217 13:16:06.191"></status>
</kw>
<kw name="Wait Until Page Contains Element" library="SeleniumLibrary">
<doc>Waits until the element ``locator`` appears on the current page.</doc>
<arguments>
<arg>//*[contains(@class,'btn mx-button mx-name-actionButton1 btn-inverse')]</arg>
<arg>timeout=5</arg>
</arguments>
<status status="PASS" starttime="20191217 13:16:06.191" endtime="20191217 13:16:06.433"></status>
</kw>
<kw name="Sleep" library="BuiltIn">
<doc>Pauses the test executed for the given time.</doc>
<arguments>
<arg>0.5</arg>
</arguments>
<msg timestamp="20191217 13:16:06.937" level="INFO">Slept 500 milliseconds</msg>
<status status="PASS" starttime="20191217 13:16:06.434" endtime="20191217 13:16:06.937"></status>
</kw>
<kw name="Click Element" library="SeleniumLibrary">
<doc>Click the element identified by ``locator``.</doc>
<arguments>
<arg>//*[@class='btn mx-button mx-name-actionButton1 btn-inverse']</arg>
<arg>modifier=false</arg>
</arguments>
<msg timestamp="20191217 13:16:06.938" level="INFO">Clicking element '//*[@class='btn mx-button mx-name-actionButton1 btn-inverse']'.</msg>
<status status="PASS" starttime="20191217 13:16:06.938" endtime="20191217 13:16:07.028"></status>
</kw>
<kw name="Wait Until Page Contains Element" library="SeleniumLibrary">
<doc>Waits until the element ``locator`` appears on the current page.</doc>
<arguments>
<arg>//*[contains(@class,'btn mx-button mx-name-actionButton4 btn-inverse')]</arg>
<arg>timeout=5</arg>
</arguments>
<status status="PASS" starttime="20191217 13:16:07.028" endtime="20191217 13:16:07.253"></status>
</kw>
<kw name="Sleep" library="BuiltIn">
<doc>Pauses the test executed for the given time.</doc>
<arguments>
<arg>0.5</arg>
</arguments>
<msg timestamp="20191217 13:16:07.755" level="INFO">Slept 500 milliseconds</msg>
<status status="PASS" starttime="20191217 13:16:07.254" endtime="20191217 13:16:07.755"></status>
</kw>
<kw name="Click Element" library="SeleniumLibrary">
<doc>Click the element identified by ``locator``.</doc>
<arguments>
<arg>//*[@class='btn mx-button mx-name-actionButton4 btn-inverse']</arg>
<arg>modifier=false</arg>
</arguments>
<msg timestamp="20191217 13:16:07.755" level="INFO">Clicking element '//*[@class='btn mx-button mx-name-actionButton4 btn-inverse']'.</msg>
<status status="PASS" starttime="20191217 13:16:07.755" endtime="20191217 13:16:07.849"></status>
</kw>
<status status="PASS" starttime="20191217 13:15:59.698" endtime="20191217 13:16:07.850" critical="yes"></status>
</test>
<test id="s1-t6" name="Testcase 7: Als extern bedrijfsmedewerker uw opdrachten inzien">
<kw name="Sleep" library="BuiltIn">
<doc>Pauses the test executed for the given time.</doc>
<arguments>
<arg>0.5</arg>
</arguments>
<msg timestamp="20191217 13:16:08.355" level="INFO">Slept 500 milliseconds</msg>
<status status="PASS" starttime="20191217 13:16:07.853" endtime="20191217 13:16:08.355"></status>
</kw>
<kw name="Wait Until Page Contains Element" library="SeleniumLibrary">
<doc>Waits until the element ``locator`` appears on the current page.</doc>
<arguments>
<arg>//*[contains(@class,'btn mx-button mx-name-actionButton12 nowrap btn-default')]</arg>
<arg>timeout=5</arg>
</arguments>
<status status="PASS" starttime="20191217 13:16:08.355" endtime="20191217 13:16:08.390"></status>
</kw>
<kw name="Click Element" library="SeleniumLibrary">
<doc>Click the element identified by ``locator``.</doc>
<arguments>
<arg>//*[@class='btn mx-button mx-name-actionButton12 nowrap btn-default']</arg>
<arg>modifier=false</arg>
</arguments>
<msg timestamp="20191217 13:16:08.391" level="INFO">Clicking element '//*[@class='btn mx-button mx-name-actionButton12 nowrap btn-default']'.</msg>
<status status="PASS" starttime="20191217 13:16:08.390" endtime="20191217 13:16:08.472"></status>
</kw>
<kw name="Wait Until Page Contains Element" library="SeleniumLibrary">
<doc>Waits until the element ``locator`` appears on the current page.</doc>
<arguments>
<arg>//*[contains(@class,'mx-grid-search-input mx-name-searchField2')]</arg>
<arg>timeout=5</arg>
</arguments>
<status status="PASS" starttime="20191217 13:16:08.472" endtime="20191217 13:16:08.697"></status>
</kw>
<kw name="Input Text" library="SeleniumLibrary">
<doc>Types the given ``text`` into the text field identified by ``locator``.</doc>
<arguments>
<arg>//*[@class='mx-grid-search-input mx-name-searchField2']//*[@class='form-control']</arg>
<arg>testopdracht</arg>
</arguments>
<msg timestamp="20191217 13:16:08.698" level="INFO">Typing text 'testopdracht' into text field '//*[@class='mx-grid-search-input mx-name-searchField2']//*[@class='form-control']'.</msg>
<status status="PASS" starttime="20191217 13:16:08.698" endtime="20191217 13:16:08.875"></status>
</kw>
<kw name="Click Element" library="SeleniumLibrary">
<doc>Click the element identified by ``locator``.</doc>
<arguments>
<arg>//*[@class='btn mx-button btn-default mx-name-search mx-grid-search-button']</arg>
<arg>modifier=false</arg>
</arguments>
<msg timestamp="20191217 13:16:08.876" level="INFO">Clicking element '//*[@class='btn mx-button btn-default mx-name-search mx-grid-search-button']'.</msg>
<status status="PASS" starttime="20191217 13:16:08.876" endtime="20191217 13:16:08.963"></status>
</kw>
<kw name="Sleep" library="BuiltIn">
<doc>Pauses the test executed for the given time.</doc>
<arguments>
<arg>0.5</arg>
</arguments>
<msg timestamp="20191217 13:16:09.465" level="INFO">Slept 500 milliseconds</msg>
<status status="PASS" starttime="20191217 13:16:08.964" endtime="20191217 13:16:09.465"></status>
</kw>
<kw name="Click Element" library="SeleniumLibrary">
<doc>Click the element identified by ``locator``.</doc>
<arguments>
<arg>//*[contains(text(),'testopdracht')]</arg>
<arg>modifier=false</arg>
</arguments>
<msg timestamp="20191217 13:16:09.467" level="INFO">Clicking element '//*[contains(text(),'testopdracht')]'.</msg>
<status status="PASS" starttime="20191217 13:16:09.467" endtime="20191217 13:16:09.599"></status>
</kw>
<kw name="Click Element" library="SeleniumLibrary">
<doc>Click the element identified by ``locator``.</doc>
<arguments>
<arg>//*[@class='btn mx-button mx-name-actionButton2 btn-default']</arg>
<arg>modifier=false</arg>
</arguments>
<msg timestamp="20191217 13:16:09.600" level="INFO">Clicking element '//*[@class='btn mx-button mx-name-actionButton2 btn-default']'.</msg>
<status status="PASS" starttime="20191217 13:16:09.600" endtime="20191217 13:16:09.696"></status>
</kw>
<kw name="Wait Until Page Contains Element" library="SeleniumLibrary">
<doc>Waits until the element ``locator`` appears on the current page.</doc>
<arguments>
<arg>//*[contains(@class,'btn mx-button mx-name-actionButton2 btn-inverse')]</arg>
<arg>timeout=5</arg>
</arguments>
<status status="PASS" starttime="20191217 13:16:09.697" endtime="20191217 13:16:09.938"></status>
</kw>
<kw name="Click Element" library="SeleniumLibrary">
<doc>Click the element identified by ``locator``.</doc>
<arguments>
<arg>//*[@class='mx-name-159b6aef-dbc3-5b23-a735-cf99f8341771-1']</arg>
<arg>modifier=false</arg>
</arguments>
<msg timestamp="20191217 13:16:09.939" level="INFO">Clicking element '//*[@class='mx-name-159b6aef-dbc3-5b23-a735-cf99f8341771-1']'.</msg>
<status status="PASS" starttime="20191217 13:16:09.939" endtime="20191217 13:16:10.080"></status>
</kw>
<status status="PASS" starttime="20191217 13:16:07.852" endtime="20191217 13:16:10.081" critical="yes"></status>
</test>
<test id="s1-t7" name="Testcase 9.1: Als extern medewerker naar &quot;Mijn gegevens&quot; navigeren">
<kw name="As External Employee Go To My Details" library="SeleniumKeywords">
<kw name="Wait Until Page Contains Element" library="SeleniumLibrary">
<doc>Waits until the element ``locator`` appears on the current page.</doc>
<arguments>
<arg>//*[contains(@class,'mx-name-container4')]//*[contains(@class,'mx-link mx-name-actionButton1')]</arg>
<arg>timeout=5</arg>
</arguments>
<status status="PASS" starttime="20191217 13:16:10.083" endtime="20191217 13:16:10.111"></status>
</kw>
<kw name="Click Element" library="SeleniumLibrary">
<doc>Click the element identified by ``locator``.</doc>
<arguments>
<arg>//*[@class='mx-link mx-name-actionButton1']</arg>
<arg>modifier=false</arg>
</arguments>
<msg timestamp="20191217 13:16:10.111" level="INFO">Clicking element '//*[@class='mx-link mx-name-actionButton1']'.</msg>
<status status="PASS" starttime="20191217 13:16:10.111" endtime="20191217 13:16:10.461"></status>
</kw>
<kw name="Wait Until Page Contains Element" library="SeleniumLibrary">
<doc>Waits until the element ``locator`` appears on the current page.</doc>
<arguments>
<arg>//*[contains(@class,'mx-name-MijnOrganisatie')]</arg>
<arg>timeout=5</arg>
</arguments>
<status status="PASS" starttime="20191217 13:16:10.461" endtime="20191217 13:16:10.714"></status>
</kw>
<status status="PASS" starttime="20191217 13:16:10.083" endtime="20191217 13:16:10.714"></status>
</kw>
<status status="PASS" starttime="20191217 13:16:10.082" endtime="20191217 13:16:10.715" critical="yes"></status>
</test>
<test id="s1-t8" name="Testcase 9.1: Als extern bedrijfsmedewerker mijn persoonsgegevens niet succesvol wijzigen">
<kw name="Sleep" library="BuiltIn">
<doc>Pauses the test executed for the given time.</doc>
<arguments>
<arg>0.5</arg>
</arguments>
<msg timestamp="20191217 13:16:11.218" level="INFO">Slept 500 milliseconds</msg>
<status status="PASS" starttime="20191217 13:16:10.718" endtime="20191217 13:16:11.218"></status>
</kw>
<kw name="Press Keys" library="SeleniumLibrary">
<doc>Simulates the user pressing key(s) to an element or on the active browser.</doc>
<arguments>
<arg>//*[@class='mx-name-textBox4 mx-textbox form-group']//*[@class='col-sm-9']//*[@class='form-control']</arg>
<arg>CTRL+a+BACKSPACE</arg>
</arguments>
<msg timestamp="20191217 13:16:11.221" level="INFO">Sending key(s) ('CTRL+a+BACKSPACE',) to //*[@class='mx-name-textBox4 mx-textbox form-group']//*[@class='col-sm-9']//*[@class='form-control'] element.</msg>
<msg timestamp="20191217 13:16:11.255" level="INFO">Pressing special key CONTROL down.</msg>
<msg timestamp="20191217 13:16:11.255" level="INFO">Sending key a</msg>
<msg timestamp="20191217 13:16:11.255" level="INFO">Pressing special key BACKSPACE down.</msg>
<msg timestamp="20191217 13:16:11.256" level="INFO">Releasing special key CONTROL.</msg>
<msg timestamp="20191217 13:16:11.256" level="INFO">Releasing special key BACKSPACE.</msg>
<status status="PASS" starttime="20191217 13:16:11.219" endtime="20191217 13:16:11.824"></status>
</kw>
<kw name="Click Element" library="SeleniumLibrary">
<doc>Click the element identified by ``locator``.</doc>
<arguments>
<arg>//*[@class='btn mx-button mx-name-actionButton1 btn-default']</arg>
<arg>modifier=False</arg>
</arguments>
<msg timestamp="20191217 13:16:11.825" level="INFO">Clicking element '//*[@class='btn mx-button mx-name-actionButton1 btn-default']'.</msg>
<status status="PASS" starttime="20191217 13:16:11.824" endtime="20191217 13:16:11.918"></status>
</kw>
<kw name="Wait Until Page Contains Element" library="SeleniumLibrary">
<doc>Waits until the element ``locator`` appears on the current page.</doc>
<arguments>
<arg>//*[contains(@class,'alert alert-danger mx-validation-message')]</arg>
<arg>timeout=5</arg>
</arguments>
<status status="PASS" starttime="20191217 13:16:11.919" endtime="20191217 13:16:12.147"></status>
</kw>
<kw name="Click Element" library="SeleniumLibrary">
<doc>Click the element identified by ``locator``.</doc>
<arguments>
<arg>//*[@class='btn mx-button mx-name-actionButton2 btn-inverse']</arg>
<arg>modifier=False</arg>
</arguments>
<msg timestamp="20191217 13:16:12.148" level="INFO">Clicking element '//*[@class='btn mx-button mx-name-actionButton2 btn-inverse']'.</msg>
<status status="PASS" starttime="20191217 13:16:12.148" endtime="20191217 13:16:12.248"></status>
</kw>
<status status="PASS" starttime="20191217 13:16:10.717" endtime="20191217 13:16:12.248" critical="yes"></status>
</test>
<test id="s1-t9" name="Testcase 9: Als extern bedrijfsmedewerker mijn persoonsgegevens succesvol wijzigen">
<kw name="As External Employee Go To My Details" library="SeleniumKeywords">
<kw name="Wait Until Page Contains Element" library="SeleniumLibrary">
<doc>Waits until the element ``locator`` appears on the current page.</doc>
<arguments>
<arg>//*[contains(@class,'mx-name-container4')]//*[contains(@class,'mx-link mx-name-actionButton1')]</arg>
<arg>timeout=5</arg>
</arguments>
<status status="PASS" starttime="20191217 13:16:12.252" endtime="20191217 13:16:12.282"></status>
</kw>
<kw name="Click Element" library="SeleniumLibrary">
<doc>Click the element identified by ``locator``.</doc>
<arguments>
<arg>//*[@class='mx-link mx-name-actionButton1']</arg>
<arg>modifier=false</arg>
</arguments>
<msg timestamp="20191217 13:16:12.282" level="INFO">Clicking element '//*[@class='mx-link mx-name-actionButton1']'.</msg>
<status status="PASS" starttime="20191217 13:16:12.282" endtime="20191217 13:16:12.430"></status>
</kw>
<kw name="Wait Until Page Contains Element" library="SeleniumLibrary">
<doc>Waits until the element ``locator`` appears on the current page.</doc>
<arguments>
<arg>//*[contains(@class,'mx-name-MijnOrganisatie')]</arg>
<arg>timeout=5</arg>
</arguments>
<status status="PASS" starttime="20191217 13:16:12.430" endtime="20191217 13:16:12.698"></status>
</kw>
<status status="PASS" starttime="20191217 13:16:12.252" endtime="20191217 13:16:12.698"></status>
</kw>
<kw name="Sleep" library="BuiltIn">
<doc>Pauses the test executed for the given time.</doc>
<arguments>
<arg>0.5</arg>
</arguments>
<msg timestamp="20191217 13:16:13.199" level="INFO">Slept 500 milliseconds</msg>
<status status="PASS" starttime="20191217 13:16:12.699" endtime="20191217 13:16:13.199"></status>
</kw>
<kw name="Press Keys" library="SeleniumLibrary">
<doc>Simulates the user pressing key(s) to an element or on the active browser.</doc>
<arguments>
<arg>//*[@class='mx-name-textBox4 mx-textbox form-group']//*[@class='col-sm-9']//*[@class='form-control']</arg>
<arg>CTRL+a+BACKSPACE</arg>
</arguments>
<msg timestamp="20191217 13:16:13.201" level="INFO">Sending key(s) ('CTRL+a+BACKSPACE',) to //*[@class='mx-name-textBox4 mx-textbox form-group']//*[@class='col-sm-9']//*[@class='form-control'] element.</msg>
<msg timestamp="20191217 13:16:13.234" level="INFO">Pressing special key CONTROL down.</msg>
<msg timestamp="20191217 13:16:13.234" level="INFO">Sending key a</msg>
<msg timestamp="20191217 13:16:13.234" level="INFO">Pressing special key BACKSPACE down.</msg>
<msg timestamp="20191217 13:16:13.234" level="INFO">Releasing special key CONTROL.</msg>
<msg timestamp="20191217 13:16:13.234" level="INFO">Releasing special key BACKSPACE.</msg>
<status status="PASS" starttime="20191217 13:16:13.200" endtime="20191217 13:16:13.798"></status>
</kw>
<kw name="Input Text" library="SeleniumLibrary">
<doc>Types the given ``text`` into the text field identified by ``locator``.</doc>
<arguments>
<arg>//*[@class='mx-name-textBox4 mx-textbox form-group']//*[@class='col-sm-9']//*[@class='form-control']</arg>
<arg>Gino</arg>
</arguments>
<msg timestamp="20191217 13:16:13.801" level="INFO">Typing text 'Gino' into text field '//*[@class='mx-name-textBox4 mx-textbox form-group']//*[@class='col-sm-9']//*[@class='form-control']'.</msg>
<status status="PASS" starttime="20191217 13:16:13.801" endtime="20191217 13:16:13.898"></status>
</kw>
<kw name="Press Keys" library="SeleniumLibrary">
<doc>Simulates the user pressing key(s) to an element or on the active browser.</doc>
<arguments>
<arg>//*[@class='mx-name-textBox6 mx-textbox form-group']//*[@class='col-sm-9']//*[@class='form-control']</arg>
<arg>CTRL+a+BACKSPACE</arg>
</arguments>
<msg timestamp="20191217 13:16:13.899" level="INFO">Sending key(s) ('CTRL+a+BACKSPACE',) to //*[@class='mx-name-textBox6 mx-textbox form-group']//*[@class='col-sm-9']//*[@class='form-control'] element.</msg>
<msg timestamp="20191217 13:16:13.913" level="INFO">Pressing special key CONTROL down.</msg>
<msg timestamp="20191217 13:16:13.913" level="INFO">Sending key a</msg>
<msg timestamp="20191217 13:16:13.913" level="INFO">Pressing special key BACKSPACE down.</msg>
<msg timestamp="20191217 13:16:13.913" level="INFO">Releasing special key CONTROL.</msg>
<msg timestamp="20191217 13:16:13.913" level="INFO">Releasing special key BACKSPACE.</msg>
<status status="PASS" starttime="20191217 13:16:13.898" endtime="20191217 13:16:14.470"></status>
</kw>
<kw name="Input Text" library="SeleniumLibrary">
<doc>Types the given ``text`` into the text field identified by ``locator``.</doc>
<arguments>
<arg>//*[@class='mx-name-textBox6 mx-textbox form-group']//*[@class='col-sm-9']//*[@class='form-control']</arg>
<arg>van</arg>
</arguments>
<msg timestamp="20191217 13:16:14.471" level="INFO">Typing text 'van' into text field '//*[@class='mx-name-textBox6 mx-textbox form-group']//*[@class='col-sm-9']//*[@class='form-control']'.</msg>
<status status="PASS" starttime="20191217 13:16:14.471" endtime="20191217 13:16:14.599"></status>
</kw>
<kw name="Press Keys" library="SeleniumLibrary">
<doc>Simulates the user pressing key(s) to an element or on the active browser.</doc>
<arguments>
<arg>//*[@class='mx-name-textBox5 mx-textbox form-group']//*[@class='col-sm-9']//*[@class='form-control']</arg>
<arg>CTRL+a+BACKSPACE</arg>
</arguments>
<msg timestamp="20191217 13:16:14.600" level="INFO">Sending key(s) ('CTRL+a+BACKSPACE',) to //*[@class='mx-name-textBox5 mx-textbox form-group']//*[@class='col-sm-9']//*[@class='form-control'] element.</msg>
<msg timestamp="20191217 13:16:14.614" level="INFO">Pressing special key CONTROL down.</msg>
<msg timestamp="20191217 13:16:14.614" level="INFO">Sending key a</msg>
<msg timestamp="20191217 13:16:14.614" level="INFO">Pressing special key BACKSPACE down.</msg>
<msg timestamp="20191217 13:16:14.614" level="INFO">Releasing special key CONTROL.</msg>
<msg timestamp="20191217 13:16:14.614" level="INFO">Releasing special key BACKSPACE.</msg>
<status status="PASS" starttime="20191217 13:16:14.599" endtime="20191217 13:16:15.175"></status>
</kw>
<kw name="Input Text" library="SeleniumLibrary">
<doc>Types the given ``text`` into the text field identified by ``locator``.</doc>
<arguments>
<arg>//*[@class='mx-name-textBox5 mx-textbox form-group']//*[@class='col-sm-9']//*[@class='form-control']</arg>
<arg>Morsel</arg>
</arguments>
<msg timestamp="20191217 13:16:15.177" level="INFO">Typing text 'Morsel' into text field '//*[@class='mx-name-textBox5 mx-textbox form-group']//*[@class='col-sm-9']//*[@class='form-control']'.</msg>
<status status="PASS" starttime="20191217 13:16:15.177" endtime="20191217 13:16:15.308"></status>
</kw>
<kw name="Press Keys" library="SeleniumLibrary">
<doc>Simulates the user pressing key(s) to an element or on the active browser.</doc>
<arguments>
<arg>//*[@class='mx-name-textBox1 mx-textbox form-group']//*[@class='col-sm-9']//*[@class='form-control']</arg>
<arg>CTRL+a+BACKSPACE</arg>
</arguments>
<msg timestamp="20191217 13:16:15.309" level="INFO">Sending key(s) ('CTRL+a+BACKSPACE',) to //*[@class='mx-name-textBox1 mx-textbox form-group']//*[@class='col-sm-9']//*[@class='form-control'] element.</msg>
<msg timestamp="20191217 13:16:15.324" level="INFO">Pressing special key CONTROL down.</msg>
<msg timestamp="20191217 13:16:15.324" level="INFO">Sending key a</msg>
<msg timestamp="20191217 13:16:15.324" level="INFO">Pressing special key BACKSPACE down.</msg>
<msg timestamp="20191217 13:16:15.324" level="INFO">Releasing special key CONTROL.</msg>
<msg timestamp="20191217 13:16:15.324" level="INFO">Releasing special key BACKSPACE.</msg>
<status status="PASS" starttime="20191217 13:16:15.309" endtime="20191217 13:16:15.891"></status>
</kw>
<kw name="Input Text" library="SeleniumLibrary">
<doc>Types the given ``text`` into the text field identified by ``locator``.</doc>
<arguments>
<arg>//*[@class='mx-name-textBox1 mx-textbox form-group']//*[@class='col-sm-9']//*[@class='form-control']</arg>
<arg>g.vanmorsel@coolblue.nl</arg>
</arguments>
<msg timestamp="20191217 13:16:15.893" level="INFO">Typing text 'g.vanmorsel@coolblue.nl' into text field '//*[@class='mx-name-textBox1 mx-textbox form-group']//*[@class='col-sm-9']//*[@class='form-control']'.</msg>
<status status="PASS" starttime="20191217 13:16:15.892" endtime="20191217 13:16:16.106"></status>
</kw>
<kw name="Press Keys" library="SeleniumLibrary">
<doc>Simulates the user pressing key(s) to an element or on the active browser.</doc>
<arguments>
<arg>//*[@class='mx-name-textBox2 mx-textbox form-group no-columns']//*[@class='form-control']</arg>
<arg>CTRL+a+BACKSPACE</arg>
</arguments>
<msg timestamp="20191217 13:16:16.107" level="INFO">Sending key(s) ('CTRL+a+BACKSPACE',) to //*[@class='mx-name-textBox2 mx-textbox form-group no-columns']//*[@class='form-control'] element.</msg>
<msg timestamp="20191217 13:16:16.121" level="INFO">Pressing special key CONTROL down.</msg>
<msg timestamp="20191217 13:16:16.121" level="INFO">Sending key a</msg>
<msg timestamp="20191217 13:16:16.121" level="INFO">Pressing special key BACKSPACE down.</msg>
<msg timestamp="20191217 13:16:16.121" level="INFO">Releasing special key CONTROL.</msg>
<msg timestamp="20191217 13:16:16.121" level="INFO">Releasing special key BACKSPACE.</msg>
<status status="PASS" starttime="20191217 13:16:16.107" endtime="20191217 13:16:16.682"></status>
</kw>
<kw name="Input Text" library="SeleniumLibrary">
<doc>Types the given ``text`` into the text field identified by ``locator``.</doc>
<arguments>
<arg>//*[@class='mx-name-textBox2 mx-textbox form-group no-columns']//*[@class='form-control']</arg>
<arg>677825691</arg>
</arguments>
<msg timestamp="20191217 13:16:16.684" level="INFO">Typing text '677825691' into text field '//*[@class='mx-name-textBox2 mx-textbox form-group no-columns']//*[@class='form-control']'.</msg>
<status status="PASS" starttime="20191217 13:16:16.683" endtime="20191217 13:16:16.841"></status>
</kw>
<kw name="Click Element" library="SeleniumLibrary">
<doc>Click the element identified by ``locator``.</doc>
<arguments>
<arg>//*[@class='btn mx-button mx-name-actionButton1 btn-default']</arg>
<arg>modifier=False</arg>
</arguments>
<msg timestamp="20191217 13:16:16.842" level="INFO">Clicking element '//*[@class='btn mx-button mx-name-actionButton1 btn-default']'.</msg>
<status status="PASS" starttime="20191217 13:16:16.842" endtime="20191217 13:16:16.935"></status>
</kw>
<kw name="Wait Until Page Contains Element" library="SeleniumLibrary">
<doc>Waits until the element ``locator`` appears on the current page.</doc>
<arguments>
<arg>//*[contains(@class, 'modal-footer mx-dialog-footer')]</arg>
<arg>timeout=5</arg>
</arguments>
<status status="PASS" starttime="20191217 13:16:16.936" endtime="20191217 13:16:17.163"></status>
</kw>
<kw name="Click Element" library="SeleniumLibrary">
<doc>Click the element identified by ``locator``.</doc>
<arguments>
<arg>//*[@class='modal-footer mx-dialog-footer']//*[@class='btn btn-primary']</arg>
<arg>modifier=False</arg>
</arguments>
<msg timestamp="20191217 13:16:17.164" level="INFO">Clicking element '//*[@class='modal-footer mx-dialog-footer']//*[@class='btn btn-primary']'.</msg>
<status status="PASS" starttime="20191217 13:16:17.164" endtime="20191217 13:16:17.258"></status>
</kw>
<kw name="Click Element" library="SeleniumLibrary">
<doc>Click the element identified by ``locator``.</doc>
<arguments>
<arg>//*[@class='btn mx-button mx-name-actionButton2 btn-inverse']</arg>
<arg>modifier=False</arg>
</arguments>
<msg timestamp="20191217 13:16:17.259" level="INFO">Clicking element '//*[@class='btn mx-button mx-name-actionButton2 btn-inverse']'.</msg>
<status status="PASS" starttime="20191217 13:16:17.259" endtime="20191217 13:16:17.363"></status>
</kw>
<status status="PASS" starttime="20191217 13:16:12.251" endtime="20191217 13:16:17.363" critical="yes"></status>
</test>
<test id="s1-t10" name="Testcase 10.1: Als extern bedrijfsmedewerker naar &quot;Mijn werkervaring&quot; navigeren">
<kw name="As External Employee Go To My Work Experience" library="SeleniumKeywords">
<kw name="Wait Until Page Contains Element" library="SeleniumLibrary">
<doc>Waits until the element ``locator`` appears on the current page.</doc>
<arguments>
<arg>//*[contains(@class,'mx-name-container4')]//*[contains(@class,'mx-link mx-name-actionButton1')]</arg>
<arg>timeout=5</arg>
</arguments>
<status status="PASS" starttime="20191217 13:16:17.367" endtime="20191217 13:16:17.391"></status>
</kw>
<kw name="Click Element" library="SeleniumLibrary">
<doc>Click the element identified by ``locator``.</doc>
<arguments>
<arg>//*[@class='mx-link mx-name-actionButton1']</arg>
<arg>modifier=false</arg>
</arguments>
<msg timestamp="20191217 13:16:17.391" level="INFO">Clicking element '//*[@class='mx-link mx-name-actionButton1']'.</msg>
<status status="PASS" starttime="20191217 13:16:17.391" endtime="20191217 13:16:17.513"></status>
</kw>
<kw name="Wait Until Page Contains Element" library="SeleniumLibrary">
<doc>Waits until the element ``locator`` appears on the current page.</doc>
<arguments>
<arg>//*[contains(@class,'mx-name-MijnOrganisatie')]</arg>
<arg>timeout=5</arg>
</arguments>
<status status="PASS" starttime="20191217 13:16:17.513" endtime="20191217 13:16:17.777"></status>
</kw>
<kw name="Wait Until Page Contains Element" library="SeleniumLibrary">
<doc>Waits until the element ``locator`` appears on the current page.</doc>
<arguments>
<arg>//*[contains(@class, 'mx-name-mijnwerkervaring')]</arg>
<arg>timeout=5</arg>
</arguments>
<status status="PASS" starttime="20191217 13:16:17.777" endtime="20191217 13:16:17.793"></status>
</kw>
<kw name="Sleep" library="BuiltIn">
<doc>Pauses the test executed for the given time.</doc>
<arguments>
<arg>0.5</arg>
</arguments>
<msg timestamp="20191217 13:16:18.295" level="INFO">Slept 500 milliseconds</msg>
<status status="PASS" starttime="20191217 13:16:17.794" endtime="20191217 13:16:18.296"></status>
</kw>
<kw name="Click Element" library="SeleniumLibrary">
<doc>Click the element identified by ``locator``.</doc>
<arguments>
<arg>//*[@class='mx-name-mijnwerkervaring']</arg>
</arguments>
<msg timestamp="20191217 13:16:18.296" level="INFO">Clicking element '//*[@class='mx-name-mijnwerkervaring']'.</msg>
<status status="PASS" starttime="20191217 13:16:18.296" endtime="20191217 13:16:18.410"></status>
</kw>
<status status="PASS" starttime="20191217 13:16:17.367" endtime="20191217 13:16:18.410"></status>
</kw>
<status status="PASS" starttime="20191217 13:16:17.365" endtime="20191217 13:16:18.411" critical="yes"></status>
</test>
<test id="s1-t11" name="Testcase 10.0: Als extern bedrijfsmedewerker mijn werkervaringsgegevens succesvol wijzigen">
<kw name="Wait Until Page Contains Element" library="SeleniumLibrary">
<doc>Waits until the element ``locator`` appears on the current page.</doc>
<arguments>
<arg>//*[contains(text(),'Afdeling')]</arg>
<arg>timeout=5</arg>
</arguments>
<status status="PASS" starttime="20191217 13:16:18.414" endtime="20191217 13:16:18.430"></status>
</kw>
<kw name="Press Keys" library="SeleniumLibrary">
<doc>Simulates the user pressing key(s) to an element or on the active browser.</doc>
<arguments>
<arg>//*[@class='mx-name-Functie mx-textbox form-group']//*[@class='col-sm-9']//*[@class='form-control']</arg>
<arg>CTRL+a+BACKSPACE</arg>
</arguments>
<msg timestamp="20191217 13:16:18.431" level="INFO">Sending key(s) ('CTRL+a+BACKSPACE',) to //*[@class='mx-name-Functie mx-textbox form-group']//*[@class='col-sm-9']//*[@class='form-control'] element.</msg>
<msg timestamp="20191217 13:16:18.446" level="INFO">Pressing special key CONTROL down.</msg>
<msg timestamp="20191217 13:16:18.446" level="INFO">Sending key a</msg>
<msg timestamp="20191217 13:16:18.446" level="INFO">Pressing special key BACKSPACE down.</msg>
<msg timestamp="20191217 13:16:18.446" level="INFO">Releasing special key CONTROL.</msg>
<msg timestamp="20191217 13:16:18.446" level="INFO">Releasing special key BACKSPACE.</msg>
<status status="PASS" starttime="20191217 13:16:18.431" endtime="20191217 13:16:19.034"></status>
</kw>
<kw name="Input Text" library="SeleniumLibrary">
<doc>Types the given ``text`` into the text field identified by ``locator``.</doc>
<arguments>
<arg>//*[@class='mx-name-Functie mx-textbox form-group']//*[@class='col-sm-9']//*[@class='form-control']</arg>
<arg>Manager Logistiek</arg>
</arguments>
<msg timestamp="20191217 13:16:19.035" level="INFO">Typing text 'Manager Logistiek' into text field '//*[@class='mx-name-Functie mx-textbox form-group']//*[@class='col-sm-9']//*[@class='form-control']'.</msg>
<status status="PASS" starttime="20191217 13:16:19.035" endtime="20191217 13:16:19.208"></status>
</kw>
<kw name="Press Keys" library="SeleniumLibrary">
<doc>Simulates the user pressing key(s) to an element or on the active browser.</doc>
<arguments>
<arg>//*[@class='mx-name-Afdeling mx-textbox form-group']//*[@class='col-sm-9']//*[@class='form-control']</arg>
<arg>CTRL+a+BACKSPACE</arg>
</arguments>
<msg timestamp="20191217 13:16:19.209" level="INFO">Sending key(s) ('CTRL+a+BACKSPACE',) to //*[@class='mx-name-Afdeling mx-textbox form-group']//*[@class='col-sm-9']//*[@class='form-control'] element.</msg>
<msg timestamp="20191217 13:16:19.224" level="INFO">Pressing special key CONTROL down.</msg>
<msg timestamp="20191217 13:16:19.224" level="INFO">Sending key a</msg>
<msg timestamp="20191217 13:16:19.224" level="INFO">Pressing special key BACKSPACE down.</msg>
<msg timestamp="20191217 13:16:19.224" level="INFO">Releasing special key CONTROL.</msg>
<msg timestamp="20191217 13:16:19.224" level="INFO">Releasing special key BACKSPACE.</msg>
<status status="PASS" starttime="20191217 13:16:19.209" endtime="20191217 13:16:19.769"></status>
</kw>
<kw name="Input Text" library="SeleniumLibrary">
<doc>Types the given ``text`` into the text field identified by ``locator``.</doc>
<arguments>
<arg>//*[@class='mx-name-Afdeling mx-textbox form-group']//*[@class='col-sm-9']//*[@class='form-control']</arg>
<arg>Logistiek</arg>
</arguments>
<msg timestamp="20191217 13:16:19.770" level="INFO">Typing text 'Logistiek' into text field '//*[@class='mx-name-Afdeling mx-textbox form-group']//*[@class='col-sm-9']//*[@class='form-control']'.</msg>
<status status="PASS" starttime="20191217 13:16:19.770" endtime="20191217 13:16:19.909"></status>
</kw>
<kw name="Press Keys" library="SeleniumLibrary">
<doc>Simulates the user pressing key(s) to an element or on the active browser.</doc>
<arguments>
<arg>//*[@class='mx-name-Werkzaambijbedrijfsinds mx-datepicker form-group']//*[@class='col-sm-9']//*[@class='mx-compound-control']//*[@class='form-control']</arg>
<arg>CTRL+a+BACKSPACE</arg>
</arguments>
<msg timestamp="20191217 13:16:19.910" level="INFO">Sending key(s) ('CTRL+a+BACKSPACE',) to //*[@class='mx-name-Werkzaambijbedrijfsinds mx-datepicker form-group']//*[@class='col-sm-9']//*[@class='mx-compound-control']//*[@class='form-control'] element.</msg>
<msg timestamp="20191217 13:16:19.930" level="INFO">Pressing special key CONTROL down.</msg>
<msg timestamp="20191217 13:16:19.930" level="INFO">Sending key a</msg>
<msg timestamp="20191217 13:16:19.930" level="INFO">Pressing special key BACKSPACE down.</msg>
<msg timestamp="20191217 13:16:19.930" level="INFO">Releasing special key CONTROL.</msg>
<msg timestamp="20191217 13:16:19.930" level="INFO">Releasing special key BACKSPACE.</msg>
<status status="PASS" starttime="20191217 13:16:19.910" endtime="20191217 13:16:20.492"></status>
</kw>
<kw name="Input Text" library="SeleniumLibrary">
<doc>Types the given ``text`` into the text field identified by ``locator``.</doc>
<arguments>
<arg>//*[@class='mx-name-Werkzaambijbedrijfsinds mx-datepicker form-group']//*[@class='col-sm-9']//*[@class='mx-compound-control']//*[@class='form-control']</arg>
<arg>01-06-2016</arg>
</arguments>
<msg timestamp="20191217 13:16:20.494" level="INFO">Typing text '01-06-2016' into text field '//*[@class='mx-name-Werkzaambijbedrijfsinds mx-datepicker form-group']//*[@class='col-sm-9']//*[@class='mx-compound-control']//*[@class='form-control']'.</msg>
<status status="PASS" starttime="20191217 13:16:20.493" endtime="20191217 13:16:20.684"></status>
</kw>
<kw name="Select From List By Index" library="SeleniumLibrary">
<doc>Selects options from selection list ``locator`` by ``indexes``.</doc>
<arguments>
<arg>//*[@class='mx-name-Werkervaring mx-dropdown form-group']//*[@class='col-sm-9']//*[@class='form-control']</arg>
<arg>2</arg>
</arguments>
<msg timestamp="20191217 13:16:20.685" level="INFO">Selecting options from selection list '//*[@class='mx-name-Werkervaring mx-dropdown form-group']//*[@class='col-sm-9']//*[@class='form-control']' by index 2.</msg>
<status status="PASS" starttime="20191217 13:16:20.685" endtime="20191217 13:16:20.800"></status>
</kw>
<kw name="Select From List By Index" library="SeleniumLibrary">
<doc>Selects options from selection list ``locator`` by ``indexes``.</doc>
<arguments>
<arg>//*[@class='mx-name-Opleidingsniveau mx-dropdown form-group']//*[@class='col-sm-9']//*[@class='form-control']</arg>
<arg>2</arg>
</arguments>
<msg timestamp="20191217 13:16:20.802" level="INFO">Selecting options from selection list '//*[@class='mx-name-Opleidingsniveau mx-dropdown form-group']//*[@class='col-sm-9']//*[@class='form-control']' by index 2.</msg>
<status status="PASS" starttime="20191217 13:16:20.802" endtime="20191217 13:16:20.912"></status>
</kw>
<kw name="Click Element" library="SeleniumLibrary">
<doc>Click the element identified by ``locator``.</doc>
<arguments>
<arg>//*[@class='btn mx-button mx-name-actionButton1 btn-default']</arg>
<arg>modifier=False</arg>
</arguments>
<msg timestamp="20191217 13:16:20.913" level="INFO">Clicking element '//*[@class='btn mx-button mx-name-actionButton1 btn-default']'.</msg>
<status status="PASS" starttime="20191217 13:16:20.913" endtime="20191217 13:16:20.995"></status>
</kw>
<kw name="Wait Until Page Contains Element" library="SeleniumLibrary">
<doc>Waits until the element ``locator`` appears on the current page.</doc>
<arguments>
<arg>//*[contains(@class, 'modal-footer mx-dialog-footer')]</arg>
<arg>timeout=5</arg>
</arguments>
<status status="PASS" starttime="20191217 13:16:20.996" endtime="20191217 13:16:21.219"></status>
</kw>
<kw name="Click Element" library="SeleniumLibrary">
<doc>Click the element identified by ``locator``.</doc>
<arguments>
<arg>//*[@class='modal-footer mx-dialog-footer']//*[@class='btn btn-primary']</arg>
<arg>modifier=False</arg>
</arguments>
<msg timestamp="20191217 13:16:21.220" level="INFO">Clicking element '//*[@class='modal-footer mx-dialog-footer']//*[@class='btn btn-primary']'.</msg>
<status status="PASS" starttime="20191217 13:16:21.220" endtime="20191217 13:16:21.323"></status>
</kw>
<status status="PASS" starttime="20191217 13:16:18.413" endtime="20191217 13:16:21.324" critical="yes"></status>
</test>
<test id="s1-t12" name="Testcase 11.1: Als extern bedrijfsmedewerker naar mijn organisatiegegevens navigeren">
<kw name="Wait Until Page Contains Element" library="SeleniumLibrary">
<doc>Waits until the element ``locator`` appears on the current page.</doc>
<arguments>
<arg>//*[contains(@role,'presentation')]//*[contains(@class,'mx-name-MijnOrganisatie')]</arg>
<arg>timeout=5</arg>
</arguments>
<status status="PASS" starttime="20191217 13:16:21.327" endtime="20191217 13:16:21.343"></status>
</kw>
<kw name="Sleep" library="BuiltIn">
<doc>Pauses the test executed for the given time.</doc>
<arguments>
<arg>0.5</arg>
</arguments>
<msg timestamp="20191217 13:16:21.844" level="INFO">Slept 500 milliseconds</msg>
<status status="PASS" starttime="20191217 13:16:21.343" endtime="20191217 13:16:21.844"></status>
</kw>
<kw name="Click Element" library="SeleniumLibrary">
<doc>Click the element identified by ``locator``.</doc>
<arguments>
<arg>//*[@role='presentation']//*[@class='mx-name-MijnOrganisatie']</arg>
<arg>modifier=False</arg>
</arguments>
<msg timestamp="20191217 13:16:21.846" level="INFO">Clicking element '//*[@role='presentation']//*[@class='mx-name-MijnOrganisatie']'.</msg>
<status status="PASS" starttime="20191217 13:16:21.845" endtime="20191217 13:16:21.996"></status>
</kw>
<kw name="Wait Until Page Contains Element" library="SeleniumLibrary">
<doc>Waits until the element ``locator`` appears on the current page.</doc>
<arguments>
<arg>//*[contains(@class,'mx-name-layoutGrid2 mx-layoutgrid mx-layoutgrid-fluid')]//*[contains(@class,'btn mx-button mx-name-actionButton3 btn-default')]</arg>
<arg>timeout=5</arg>
</arguments>
<status status="PASS" starttime="20191217 13:16:21.996" endtime="20191217 13:16:22.012"></status>
</kw>
<kw name="Sleep" library="BuiltIn">
<doc>Pauses the test executed for the given time.</doc>
<arguments>
<arg>0.5</arg>
</arguments>
<msg timestamp="20191217 13:16:22.512" level="INFO">Slept 500 milliseconds</msg>
<status status="PASS" starttime="20191217 13:16:22.012" endtime="20191217 13:16:22.512"></status>
</kw>
<kw name="Click Element" library="SeleniumLibrary">
<doc>Click the element identified by ``locator``.</doc>
<arguments>
<arg>//*[@class='mx-name-layoutGrid2 mx-layoutgrid mx-layoutgrid-fluid']//*[@class='btn mx-button mx-name-actionButton3 btn-default']</arg>
<arg>modifier=False</arg>
</arguments>
<msg timestamp="20191217 13:16:22.515" level="INFO">Clicking element '//*[@class='mx-name-layoutGrid2 mx-layoutgrid mx-layoutgrid-fluid']//*[@class='btn mx-button mx-name-actionButton3 btn-default']'.</msg>
<status status="PASS" starttime="20191217 13:16:22.514" endtime="20191217 13:16:22.668"></status>
</kw>
<kw name="Sleep" library="BuiltIn">
<doc>Pauses the test executed for the given time.</doc>
<arguments>
<arg>5.0</arg>
</arguments>
<msg timestamp="20191217 13:16:27.670" level="INFO">Slept 5 seconds</msg>
<status status="PASS" starttime="20191217 13:16:22.669" endtime="20191217 13:16:27.670"></status>
</kw>
<status status="PASS" starttime="20191217 13:16:21.326" endtime="20191217 13:16:27.670" critical="yes"></status>
</test>
<test id="s1-t13" name="Testcase 11.2: Als extern bedrijfsmedewerker mijn algemene organisatiegegevens niet succesvol wijzigen">
<kw name="Wait Until Page Contains Element" library="SeleniumLibrary">
<doc>Waits until the element ``locator`` appears on the current page.</doc>
<arguments>
<arg>//*[contains(@class,'mx-name-layoutGrid4 mx-layoutgrid mx-layoutgrid-fluid')]//*[contains(@class,'btn mx-button mx-name-actionButton1 btn-default')]</arg>
<arg>timeout=5</arg>
</arguments>
<status status="PASS" starttime="20191217 13:16:27.672" endtime="20191217 13:16:27.688"></status>
</kw>
<kw name="Sleep" library="BuiltIn">
<doc>Pauses the test executed for the given time.</doc>
<arguments>
<arg>0.5</arg>
</arguments>
<msg timestamp="20191217 13:16:28.190" level="INFO">Slept 500 milliseconds</msg>
<status status="PASS" starttime="20191217 13:16:27.688" endtime="20191217 13:16:28.190"></status>
</kw>
<kw name="Click Element" library="SeleniumLibrary">
<doc>Click the element identified by ``locator``.</doc>
<arguments>
<arg>//*[@class='mx-name-layoutGrid4 mx-layoutgrid mx-layoutgrid-fluid']//*[@class='btn mx-button mx-name-actionButton1 btn-default']</arg>
<arg>modifier=False</arg>
</arguments>
<msg timestamp="20191217 13:16:28.191" level="INFO">Clicking element '//*[@class='mx-name-layoutGrid4 mx-layoutgrid mx-layoutgrid-fluid']//*[@class='btn mx-button mx-name-actionButton1 btn-default']'.</msg>
<status status="PASS" starttime="20191217 13:16:28.191" endtime="20191217 13:16:28.293"></status>
</kw>
<kw name="Sleep" library="BuiltIn">
<doc>Pauses the test executed for the given time.</doc>
<arguments>
<arg>0.5</arg>
</arguments>
<msg timestamp="20191217 13:16:28.794" level="INFO">Slept 500 milliseconds</msg>
<status status="PASS" starttime="20191217 13:16:28.293" endtime="20191217 13:16:28.794"></status>
</kw>
<kw name="Wait Until Page Contains Element" library="SeleniumLibrary">
<doc>Waits until the element ``locator`` appears on the current page.</doc>
<arguments>
<arg>//*[contains(@class,'mx-name-Organisatienaam mx-textbox form-group')]</arg>
<arg>timeout=5</arg>
</arguments>
<status status="PASS" starttime="20191217 13:16:28.795" endtime="20191217 13:16:28.813"></status>
</kw>
<kw name="Press Keys" library="SeleniumLibrary">
<doc>Simulates the user pressing key(s) to an element or on the active browser.</doc>
<arguments>
<arg>//*[@class='mx-name-Organisatienaam mx-textbox form-group']//*[@class='col-sm-8']//*[@class='form-control']</arg>
<arg>CTRL+a+BACKSPACE</arg>
</arguments>
<msg timestamp="20191217 13:16:28.814" level="INFO">Sending key(s) ('CTRL+a+BACKSPACE',) to //*[@class='mx-name-Organisatienaam mx-textbox form-group']//*[@class='col-sm-8']//*[@class='form-control'] element.</msg>
<msg timestamp="20191217 13:16:28.830" level="INFO">Pressing special key CONTROL down.</msg>
<msg timestamp="20191217 13:16:28.830" level="INFO">Sending key a</msg>
<msg timestamp="20191217 13:16:28.831" level="INFO">Pressing special key BACKSPACE down.</msg>
<msg timestamp="20191217 13:16:28.831" level="INFO">Releasing special key CONTROL.</msg>
<msg timestamp="20191217 13:16:28.831" level="INFO">Releasing special key BACKSPACE.</msg>
<status status="PASS" starttime="20191217 13:16:28.814" endtime="20191217 13:16:29.383"></status>
</kw>
<kw name="Click Element" library="SeleniumLibrary">
<doc>Click the element identified by ``locator``.</doc>
<arguments>
<arg>//*[@class='btn mx-button mx-name-actionButton1 btn-default']</arg>
<arg>modifier=False</arg>
</arguments>
<msg timestamp="20191217 13:16:29.389" level="INFO">Clicking element '//*[@class='btn mx-button mx-name-actionButton1 btn-default']'.</msg>
<status status="PASS" starttime="20191217 13:16:29.389" endtime="20191217 13:16:29.480"></status>
</kw>
<kw name="Wait Until Page Contains Element" library="SeleniumLibrary">
<doc>Waits until the element ``locator`` appears on the current page.</doc>
<arguments>
<arg>//*[contains(@class,'alert alert-danger mx-validation-message')]</arg>
<arg>timeout=5</arg>
</arguments>
<status status="PASS" starttime="20191217 13:16:29.481" endtime="20191217 13:16:29.720"></status>
</kw>
<kw name="Click Element" library="SeleniumLibrary">
<doc>Click the element identified by ``locator``.</doc>
<arguments>
<arg>//*[@class='btn mx-button mx-name-actionButton2 btn-inverse']</arg>
<arg>modifier=false</arg>
</arguments>
<msg timestamp="20191217 13:16:29.722" level="INFO">Clicking element '//*[@class='btn mx-button mx-name-actionButton2 btn-inverse']'.</msg>
<status status="PASS" starttime="20191217 13:16:29.721" endtime="20191217 13:16:29.847"></status>
</kw>
<status status="PASS" starttime="20191217 13:16:27.672" endtime="20191217 13:16:29.848" critical="yes"></status>
</test>
<test id="s1-t14" name="Testcase 11.3: Als extern bedrijfsmedewerker mijng algemene organisatiegegevens succesvol wijzigen">
<kw name="Wait Until Page Contains Element" library="SeleniumLibrary">
<doc>Waits until the element ``locator`` appears on the current page.</doc>
<arguments>
<arg>//*[contains(@class,'mx-name-layoutGrid4 mx-layoutgrid mx-layoutgrid-fluid')]//*[contains(@class,'btn mx-button mx-name-actionButton1 btn-default')]</arg>
<arg>timeout=5</arg>
</arguments>
<status status="PASS" starttime="20191217 13:16:29.851" endtime="20191217 13:16:30.079"></status>
</kw>
<kw name="Sleep" library="BuiltIn">
<doc>Pauses the test executed for the given time.</doc>
<arguments>
<arg>0.5</arg>
</arguments>
<msg timestamp="20191217 13:16:30.581" level="INFO">Slept 500 milliseconds</msg>
<status status="PASS" starttime="20191217 13:16:30.079" endtime="20191217 13:16:30.581"></status>
</kw>
<kw name="Click Element" library="SeleniumLibrary">
<doc>Click the element identified by ``locator``.</doc>
<arguments>
<arg>//*[@class='mx-name-layoutGrid4 mx-layoutgrid mx-layoutgrid-fluid']//*[@class='btn mx-button mx-name-actionButton1 btn-default']</arg>
<arg>modifier=False</arg>
</arguments>
<msg timestamp="20191217 13:16:30.582" level="INFO">Clicking element '//*[@class='mx-name-layoutGrid4 mx-layoutgrid mx-layoutgrid-fluid']//*[@class='btn mx-button mx-name-actionButton1 btn-default']'.</msg>
<status status="PASS" starttime="20191217 13:16:30.581" endtime="20191217 13:16:30.663"></status>
</kw>
<kw name="Wait Until Page Contains Element" library="SeleniumLibrary">
<doc>Waits until the element ``locator`` appears on the current page.</doc>
<arguments>
<arg>//*[contains(@class,'mx-name-Organisatienaam mx-textbox form-group')]//*[contains(@class,'col-sm-8')]//*[contains(@class,'form-control')]</arg>
<arg>timeout=5</arg>
</arguments>
<status status="PASS" starttime="20191217 13:16:30.664" endtime="20191217 13:16:30.891"></status>
</kw>
<kw name="Press Keys" library="SeleniumLibrary">
<doc>Simulates the user pressing key(s) to an element or on the active browser.</doc>
<arguments>
<arg>//*[@class='mx-name-Organisatienaam mx-textbox form-group']//*[@class='col-sm-8']//*[@class='form-control']</arg>
<arg>CTRL+a+BACKSPACE</arg>
</arguments>
<msg timestamp="20191217 13:16:30.892" level="INFO">Sending key(s) ('CTRL+a+BACKSPACE',) to //*[@class='mx-name-Organisatienaam mx-textbox form-group']//*[@class='col-sm-8']//*[@class='form-control'] element.</msg>
<msg timestamp="20191217 13:16:30.903" level="INFO">Pressing special key CONTROL down.</msg>
<msg timestamp="20191217 13:16:30.903" level="INFO">Sending key a</msg>
<msg timestamp="20191217 13:16:30.903" level="INFO">Pressing special key BACKSPACE down.</msg>
<msg timestamp="20191217 13:16:30.903" level="INFO">Releasing special key CONTROL.</msg>
<msg timestamp="20191217 13:16:30.903" level="INFO">Releasing special key BACKSPACE.</msg>
<status status="PASS" starttime="20191217 13:16:30.892" endtime="20191217 13:16:31.491"></status>
</kw>
<kw name="Input Text" library="SeleniumLibrary">
<doc>Types the given ``text`` into the text field identified by ``locator``.</doc>
<arguments>
<arg>//*[@class='mx-name-Organisatienaam mx-textbox form-group']//*[@class='col-sm-8']//*[@class='form-control']</arg>
<arg>Coolblue</arg>
</arguments>
<msg timestamp="20191217 13:16:31.492" level="INFO">Typing text 'Coolblue' into text field '//*[@class='mx-name-Organisatienaam mx-textbox form-group']//*[@class='col-sm-8']//*[@class='form-control']'.</msg>
<status status="PASS" starttime="20191217 13:16:31.492" endtime="20191217 13:16:31.621"></status>
</kw>
<kw name="Select From List By Index" library="SeleniumLibrary">
<doc>Selects options from selection list ``locator`` by ``indexes``.</doc>
<arguments>
<arg>//*[@class='mx-name-Ondernemingsvorm mx-dropdown form-group']//*[@class='col-sm-8']//*[@class='form-control']</arg>
<arg>1</arg>
</arguments>
<msg timestamp="20191217 13:16:31.622" level="INFO">Selecting options from selection list '//*[@class='mx-name-Ondernemingsvorm mx-dropdown form-group']//*[@class='col-sm-8']//*[@class='form-control']' by index 1.</msg>
<status status="PASS" starttime="20191217 13:16:31.622" endtime="20191217 13:16:31.725"></status>
</kw>
<kw name="Press Keys" library="SeleniumLibrary">
<doc>Simulates the user pressing key(s) to an element or on the active browser.</doc>
<arguments>
<arg>//*[@class='mx-name-Website mx-textbox form-group']//*[@class='col-sm-8']//*[@class='form-control']</arg>
<arg>CTRL+a+BACKSPACE</arg>
</arguments>
<msg timestamp="20191217 13:16:31.726" level="INFO">Sending key(s) ('CTRL+a+BACKSPACE',) to //*[@class='mx-name-Website mx-textbox form-group']//*[@class='col-sm-8']//*[@class='form-control'] element.</msg>
<msg timestamp="20191217 13:16:31.740" level="INFO">Pressing special key CONTROL down.</msg>
<msg timestamp="20191217 13:16:31.740" level="INFO">Sending key a</msg>
<msg timestamp="20191217 13:16:31.741" level="INFO">Pressing special key BACKSPACE down.</msg>
<msg timestamp="20191217 13:16:31.741" level="INFO">Releasing special key CONTROL.</msg>
<msg timestamp="20191217 13:16:31.741" level="INFO">Releasing special key BACKSPACE.</msg>
<status status="PASS" starttime="20191217 13:16:31.726" endtime="20191217 13:16:32.295"></status>
</kw>
<kw name="Input Text" library="SeleniumLibrary">
<doc>Types the given ``text`` into the text field identified by ``locator``.</doc>
<arguments>
<arg>//*[@class='mx-name-Website mx-textbox form-group']//*[@class='col-sm-8']//*[@class='form-control']</arg>
<arg>http://www.coolblue.nl</arg>
</arguments>
<msg timestamp="20191217 13:16:32.296" level="INFO">Typing text 'http://www.coolblue.nl' into text field '//*[@class='mx-name-Website mx-textbox form-group']//*[@class='col-sm-8']//*[@class='form-control']'.</msg>
<status status="PASS" starttime="20191217 13:16:32.296" endtime="20191217 13:16:32.548"></status>
</kw>
<kw name="Select From List By Index" library="SeleniumLibrary">
<doc>Selects options from selection list ``locator`` by ``indexes``.</doc>
<arguments>
<arg>//*[@class='mx-name-Aantalmdw mx-dropdown form-group']//*[@class='col-sm-8']//*[@class='form-control']</arg>
<arg>8</arg>
</arguments>
<msg timestamp="20191217 13:16:32.548" level="INFO">Selecting options from selection list '//*[@class='mx-name-Aantalmdw mx-dropdown form-group']//*[@class='col-sm-8']//*[@class='form-control']' by index 8.</msg>
<status status="PASS" starttime="20191217 13:16:32.548" endtime="20191217 13:16:32.725"></status>
</kw>
<kw name="Press Keys" library="SeleniumLibrary">
<doc>Simulates the user pressing key(s) to an element or on the active browser.</doc>
<arguments>
<arg>//*[@class='mx-name-KorteOmschrijving TestTooltip mx-textarea form-group']//*[@class='col-sm-8']//*[@class='form-control mx-textarea-input']</arg>
<arg>CTRL+a+BACKSPACE</arg>
</arguments>
<msg timestamp="20191217 13:16:32.726" level="INFO">Sending key(s) ('CTRL+a+BACKSPACE',) to //*[@class='mx-name-KorteOmschrijving TestTooltip mx-textarea form-group']//*[@class='col-sm-8']//*[@class='form-control mx-textarea-input'] element.</msg>
<msg timestamp="20191217 13:16:32.741" level="INFO">Pressing special key CONTROL down.</msg>
<msg timestamp="20191217 13:16:32.741" level="INFO">Sending key a</msg>
<msg timestamp="20191217 13:16:32.741" level="INFO">Pressing special key BACKSPACE down.</msg>
<msg timestamp="20191217 13:16:32.741" level="INFO">Releasing special key CONTROL.</msg>
<msg timestamp="20191217 13:16:32.741" level="INFO">Releasing special key BACKSPACE.</msg>
<status status="PASS" starttime="20191217 13:16:32.725" endtime="20191217 13:16:33.308"></status>
</kw>
<kw name="Input Text" library="SeleniumLibrary">
<doc>Types the given ``text`` into the text field identified by ``locator``.</doc>
<arguments>
<arg>//*[@class='mx-name-KorteOmschrijving TestTooltip mx-textarea form-group']//*[@class='col-sm-8']//*[@class='form-control mx-textarea-input']</arg>
<arg>Coolblue. Ooit begonnen als studentenbedrijf. Nu een snelgroeiend e-commercebedrijf met 11 fysieke winkels in Nederland en België. Sinds onze oprichting in 1999 hebben we maar één doel: jou blij maken. We geven advies met verstand van zaken en we hebben een obsessieve focus op klanttevredenheid. Met meer dan 3.000 Coolblue'ers werken we keihard om onze klanten te verwonderen.</arg>
</arguments>
<msg timestamp="20191217 13:16:33.308" level="INFO">Typing text 'Coolblue. Ooit begonnen als studentenbedrijf. Nu een snelgroeiend e-commercebedrijf met 11 fysieke winkels in Nederland en België. Sinds onze oprichting in 1999 hebben we maar één doel: jou blij maken. We geven advies met verstand van zaken en we hebben een obsessieve focus op klanttevredenheid. Met meer dan 3.000 Coolblue'ers werken we keihard om onze klanten te verwonderen.' into text field '//*[@class='mx-name-KorteOmschrijving TestTooltip mx-textarea form-group']//*[@class='col-sm-8']//*[@class='form-control mx-textarea-input']'.</msg>
<status status="PASS" starttime="20191217 13:16:33.308" endtime="20191217 13:16:35.316"></status>
</kw>
<kw name="Click Element" library="SeleniumLibrary">
<doc>Click the element identified by ``locator``.</doc>
<arguments>
<arg>//*[@class='btn mx-button mx-name-actionButton1 btn-default']</arg>
<arg>modifier=False</arg>
</arguments>
<msg timestamp="20191217 13:16:35.317" level="INFO">Clicking element '//*[@class='btn mx-button mx-name-actionButton1 btn-default']'.</msg>
<status status="PASS" starttime="20191217 13:16:35.317" endtime="20191217 13:16:35.410"></status>
</kw>
<kw name="Wait Until Page Contains Element" library="SeleniumLibrary">
<doc>Waits until the element ``locator`` appears on the current page.</doc>
<arguments>
<arg>//*[contains(@class,'mx-name-tabPage2')]</arg>
<arg>timeout=5</arg>
</arguments>
<status status="PASS" starttime="20191217 13:16:35.410" endtime="20191217 13:16:35.640"></status>
</kw>
<status status="PASS" starttime="20191217 13:16:29.850" endtime="20191217 13:16:35.641" critical="yes"></status>
</test>
<test id="s1-t15" name="Testcase 11.4: Als extern bedrijfsmedewerker mijn vestigingen niet succesvol wijzigen">
<kw name="Click Element" library="SeleniumLibrary">
<doc>Click the element identified by ``locator``.</doc>
<arguments>
<arg>//*[@class='mx-name-tabPage2']</arg>
<arg>modifier=False</arg>
</arguments>
<msg timestamp="20191217 13:16:35.645" level="INFO">Clicking element '//*[@class='mx-name-tabPage2']'.</msg>
<status status="PASS" starttime="20191217 13:16:35.644" endtime="20191217 13:16:35.790"></status>
</kw>
<kw name="Click Element" library="SeleniumLibrary">
<doc>Click the element identified by ``locator``.</doc>
<arguments>
<arg>//*[@class='btn mx-button mx-name-actionButton3 btn-default']</arg>
<arg>modifier=False</arg>
</arguments>
<msg timestamp="20191217 13:16:35.791" level="INFO">Clicking element '//*[@class='btn mx-button mx-name-actionButton3 btn-default']'.</msg>
<status status="PASS" starttime="20191217 13:16:35.791" endtime="20191217 13:16:35.907"></status>
</kw>
<kw name="Wait Until Page Contains Element" library="SeleniumLibrary">
<doc>Waits until the element ``locator`` appears on the current page.</doc>
<arguments>
<arg>//*[contains(@class,'btn mx-button mx-name-actionButton1 btn-primary')]</arg>
<arg>timeout=5</arg>
</arguments>
<status status="PASS" starttime="20191217 13:16:35.908" endtime="20191217 13:16:36.140"></status>
</kw>
<kw name="Click Element" library="SeleniumLibrary">
<doc>Click the element identified by ``locator``.</doc>
<arguments>
<arg>//*[@class='btn mx-button mx-name-actionButton1 btn-primary']</arg>
<arg>modifier=False</arg>
</arguments>
<msg timestamp="20191217 13:16:36.141" level="INFO">Clicking element '//*[@class='btn mx-button mx-name-actionButton1 btn-primary']'.</msg>
<status status="PASS" starttime="20191217 13:16:36.140" endtime="20191217 13:16:36.260"></status>
</kw>
<kw name="Wait Until Page Contains Element" library="SeleniumLibrary">
<doc>Waits until the element ``locator`` appears on the current page.</doc>
<arguments>
<arg>//*[contains(@class,'alert alert-danger mx-validation-message')]</arg>
</arguments>
<status status="PASS" starttime="20191217 13:16:36.261" endtime="20191217 13:16:36.491"></status>
</kw>
<kw name="Click Element" library="SeleniumLibrary">
<doc>Click the element identified by ``locator``.</doc>
<arguments>
<arg>//*[@class='btn mx-button mx-name-actionButton2 btn-default']</arg>
<arg>modifier=False</arg>
</arguments>
<msg timestamp="20191217 13:16:36.492" level="INFO">Clicking element '//*[@class='btn mx-button mx-name-actionButton2 btn-default']'.</msg>
<status status="PASS" starttime="20191217 13:16:36.491" endtime="20191217 13:16:36.582"></status>
</kw>
<kw name="Sleep" library="BuiltIn">
<doc>Pauses the test executed for the given time.</doc>
<arguments>
<arg>0.5</arg>
</arguments>
<msg timestamp="20191217 13:16:37.084" level="INFO">Slept 500 milliseconds</msg>
<status status="PASS" starttime="20191217 13:16:36.583" endtime="20191217 13:16:37.084"></status>
</kw>
<status status="PASS" starttime="20191217 13:16:35.643" endtime="20191217 13:16:37.084" critical="yes"></status>
</test>
<test id="s1-t16" name="Testcase 11.4: Als extern bedrijfsmedewerker mijn vestigingen succesvol wijzigen">
<kw name="Click Element" library="SeleniumLibrary">
<doc>Click the element identified by ``locator``.</doc>
<arguments>
<arg>//*[@class='mx-name-tabPage2']</arg>
<arg>modifier=False</arg>
</arguments>
<msg timestamp="20191217 13:16:37.087" level="INFO">Clicking element '//*[@class='mx-name-tabPage2']'.</msg>
<status status="PASS" starttime="20191217 13:16:37.086" endtime="20191217 13:16:37.132"></status>
</kw>
<kw name="Wait Until Page Contains Element" library="SeleniumLibrary">
<doc>Waits until the element ``locator`` appears on the current page.</doc>
<arguments>
<arg>//*[contains(@class,'btn mx-button mx-name-actionButton3 btn-default')]</arg>
<arg>timeout=5</arg>
</arguments>
<status status="PASS" starttime="20191217 13:16:37.133" endtime="20191217 13:16:37.149"></status>
</kw>
<kw name="Click Element" library="SeleniumLibrary">
<doc>Click the element identified by ``locator``.</doc>
<arguments>
<arg>//*[@class='btn mx-button mx-name-actionButton3 btn-default']</arg>
<arg>modifier=False</arg>
</arguments>
<msg timestamp="20191217 13:16:37.150" level="INFO">Clicking element '//*[@class='btn mx-button mx-name-actionButton3 btn-default']'.</msg>
<status status="PASS" starttime="20191217 13:16:37.149" endtime="20191217 13:16:37.206"></status>
</kw>
<kw name="Wait Until Page Contains Element" library="SeleniumLibrary">
<doc>Waits until the element ``locator`` appears on the current page.</doc>
<arguments>
<arg>//*[contains(@class,'btn mx-button mx-name-actionButton1 btn-primary')]</arg>
<arg>timeout=5</arg>
</arguments>
<status status="PASS" starttime="20191217 13:16:37.206" endtime="20191217 13:16:37.428"></status>
</kw>
<kw name="Input Text" library="SeleniumLibrary">
<doc>Types the given ``text`` into the text field identified by ``locator``.</doc>
<arguments>
<arg>//*[@class='mx-name-Postcode mx-textbox form-group']//*[@class='col-sm-9']//*[@class='form-control']</arg>
<arg>3011KW</arg>
</arguments>
<msg timestamp="20191217 13:16:37.429" level="INFO">Typing text '3011KW' into text field '//*[@class='mx-name-Postcode mx-textbox form-group']//*[@class='col-sm-9']//*[@class='form-control']'.</msg>
<status status="PASS" starttime="20191217 13:16:37.429" endtime="20191217 13:16:37.544"></status>
</kw>
<kw name="Input Text" library="SeleniumLibrary">
<doc>Types the given ``text`` into the text field identified by ``locator``.</doc>
<arguments>
<arg>//*[@class='mx-name-Huisnummer mx-textbox form-group']//*[@class='col-sm-9']//*[@class='form-control']</arg>
<arg>3</arg>
</arguments>
<msg timestamp="20191217 13:16:37.544" level="INFO">Typing text '3' into text field '//*[@class='mx-name-Huisnummer mx-textbox form-group']//*[@class='col-sm-9']//*[@class='form-control']'.</msg>
<status status="PASS" starttime="20191217 13:16:37.544" endtime="20191217 13:16:37.655"></status>
</kw>
<kw name="Input Text" library="SeleniumLibrary">
<doc>Types the given ``text`` into the text field identified by ``locator``.</doc>
<arguments>
<arg>//*[@class='mx-name-Straatnaam mx-textbox form-group']//*[@class='col-sm-9']//*[@class='form-control']</arg>
<arg>Oostplein</arg>
</arguments>
<msg timestamp="20191217 13:16:37.655" level="INFO">Typing text 'Oostplein' into text field '//*[@class='mx-name-Straatnaam mx-textbox form-group']//*[@class='col-sm-9']//*[@class='form-control']'.</msg>
<status status="PASS" starttime="20191217 13:16:37.655" endtime="20191217 13:16:37.824"></status>
</kw>
<kw name="Select From List By Index" library="SeleniumLibrary">
<doc>Selects options from selection list ``locator`` by ``indexes``.</doc>
<arguments>
<arg>//*[@class='mx-name-SoortAdres mx-dropdown form-group']//*[@class='col-sm-9']//*[@class='form-control']</arg>
<arg>1</arg>
</arguments>
<msg timestamp="20191217 13:16:37.825" level="INFO">Selecting options from selection list '//*[@class='mx-name-SoortAdres mx-dropdown form-group']//*[@class='col-sm-9']//*[@class='form-control']' by index 1.</msg>
<status status="PASS" starttime="20191217 13:16:37.825" endtime="20191217 13:16:37.945"></status>
</kw>
<kw name="Click Element" library="SeleniumLibrary">
<doc>Click the element identified by ``locator``.</doc>
<arguments>
<arg>//*[@class='btn mx-button mx-name-actionButton1 btn-primary']</arg>
<arg>modifier=False</arg>
</arguments>
<msg timestamp="20191217 13:16:37.946" level="INFO">Clicking element '//*[@class='btn mx-button mx-name-actionButton1 btn-primary']'.</msg>
<status status="PASS" starttime="20191217 13:16:37.946" endtime="20191217 13:16:38.024"></status>
</kw>
<kw name="Wait Until Page Contains Element" library="SeleniumLibrary">
<doc>Waits until the element ``locator`` appears on the current page.</doc>
<arguments>
<arg>//*[contains(@class, 'mx-grid-search-input mx-name-searchField4')]//*[contains(@class,'form-control')]</arg>
<arg>timeout=5</arg>
</arguments>
<status status="PASS" starttime="20191217 13:16:38.025" endtime="20191217 13:16:38.041"></status>
</kw>
<kw name="Input Text" library="SeleniumLibrary">
<doc>Types the given ``text`` into the text field identified by ``locator``.</doc>
<arguments>
<arg>//*[contains(@class, 'mx-grid-search-input mx-name-searchField4')]//*[contains(@class,'form-control')]</arg>
<arg>3011KW</arg>
</arguments>
<msg timestamp="20191217 13:16:38.042" level="INFO">Typing text '3011KW' into text field '//*[contains(@class, 'mx-grid-search-input mx-name-searchField4')]//*[contains(@class,'form-control')]'.</msg>
<status status="PASS" starttime="20191217 13:16:38.042" endtime="20191217 13:16:38.209"></status>
</kw>
<kw name="Input Text" library="SeleniumLibrary">
<doc>Types the given ``text`` into the text field identified by ``locator``.</doc>
<arguments>
<arg>//*[contains(@class, 'mx-grid-search-input mx-name-searchField5')]//*[contains(@class,'form-control')]</arg>
<arg>Oostplein</arg>
</arguments>
<msg timestamp="20191217 13:16:38.211" level="INFO">Typing text 'Oostplein' into text field '//*[contains(@class, 'mx-grid-search-input mx-name-searchField5')]//*[contains(@class,'form-control')]'.</msg>
<status status="PASS" starttime="20191217 13:16:38.210" endtime="20191217 13:16:38.368"></status>
</kw>
<kw name="Input Text" library="SeleniumLibrary">
<doc>Types the given ``text`` into the text field identified by ``locator``.</doc>
<arguments>
<arg>//*[contains(@class, 'mx-grid-search-input mx-name-searchField6')]//*[contains(@class,'form-control')]</arg>
<arg>3</arg>
</arguments>
<msg timestamp="20191217 13:16:38.369" level="INFO">Typing text '3' into text field '//*[contains(@class, 'mx-grid-search-input mx-name-searchField6')]//*[contains(@class,'form-control')]'.</msg>
<status status="PASS" starttime="20191217 13:16:38.369" endtime="20191217 13:16:38.478"></status>
</kw>
<kw name="Click Element" library="SeleniumLibrary">
<doc>Click the element identified by ``locator``.</doc>
<arguments>
<arg>//*[@class='btn mx-button btn-default mx-name-search mx-grid-search-button']</arg>
<arg>modifier=False</arg>
</arguments>
<msg timestamp="20191217 13:16:38.479" level="INFO">Clicking element '//*[@class='btn mx-button btn-default mx-name-search mx-grid-search-button']'.</msg>
<status status="PASS" starttime="20191217 13:16:38.478" endtime="20191217 13:16:38.574"></status>
</kw>
<kw name="Sleep" library="BuiltIn">
<doc>Pauses the test executed for the given time.</doc>
<arguments>
<arg>0.5</arg>
</arguments>
<msg timestamp="20191217 13:16:39.077" level="INFO">Slept 500 milliseconds</msg>
<status status="PASS" starttime="20191217 13:16:38.575" endtime="20191217 13:16:39.077"></status>
</kw>
<kw name="Click Element" library="SeleniumLibrary">
<doc>Click the element identified by ``locator``.</doc>
<arguments>
<arg>//*[@class='mx-name-index-0']</arg>
<arg>modifier=False</arg>
</arguments>
<msg timestamp="20191217 13:16:39.079" level="INFO">Clicking element '//*[@class='mx-name-index-0']'.</msg>
<status status="PASS" starttime="20191217 13:16:39.078" endtime="20191217 13:16:39.199"></status>
</kw>
<kw name="Click Element" library="SeleniumLibrary">
<doc>Click the element identified by ``locator``.</doc>
<arguments>
<arg>//*[@class='btn mx-button mx-name-actionButton5 btn-inverse']</arg>
<arg>modifier=False</arg>
</arguments>
<msg timestamp="20191217 13:16:39.201" level="INFO">Clicking element '//*[@class='btn mx-button mx-name-actionButton5 btn-inverse']'.</msg>
<status status="PASS" starttime="20191217 13:16:39.199" endtime="20191217 13:16:39.306"></status>
</kw>
<kw name="Click Element" library="SeleniumLibrary">
<doc>Click the element identified by ``locator``.</doc>
<arguments>
<arg>//*[@class='btn mx-button mx-name-actionButton2 btn-inverse']</arg>
<arg>modifier=False</arg>
</arguments>
<msg timestamp="20191217 13:16:39.307" level="INFO">Clicking element '//*[@class='btn mx-button mx-name-actionButton2 btn-inverse']'.</msg>
<status status="PASS" starttime="20191217 13:16:39.307" endtime="20191217 13:16:39.421"></status>
</kw>
<status status="PASS" starttime="20191217 13:16:37.086" endtime="20191217 13:16:39.422" critical="yes"></status>
</test>
<kw name="Close All Browsers" library="SeleniumLibrary" type="teardown">
<doc>Closes all open browsers and resets the browser cache.</doc>
<status status="PASS" starttime="20191217 13:16:39.425" endtime="20191217 13:16:41.714"></status>
</kw>
<doc>Keyword documentation: https://robotframework.org/SeleniumLibrary/SeleniumLibrary.html

Kijk goed of er keywords zijn die je kan gebruiken in de Keywords/SeleniumKeywords.robot file</doc>
<status status="PASS" starttime="20191217 13:15:44.232" endtime="20191217 13:16:41.715"></status>
</suite>
<statistics>
<total>
<stat pass="16" fail="0">Critical Tests</stat>
<stat pass="16" fail="0">All Tests</stat>
</total>
<tag>
</tag>
<suite>
<stat pass="16" fail="0" id="s1" name="OrganisationManagementECETestcases">OrganisationManagementECETestcases</stat>
</suite>
</statistics>
<errors>
</errors>
</robot>
