<?xml version="1.0" encoding="UTF-8"?>
<robot generator="Robot 3.1.2 (Python 3.8.0 on win32)" generated="20191212 11:47:21.988" rpa="false">
<suite id="s1" name="RegistrationManagementTestcases" source="C:\Users\Gijs\source\RobotFramework\RobotFrameworkStageSEKTMarktplaats\Testcases\RegistrationManagementTestcases.robot">
<test id="s1-t1" name="Testcase 0: Site bezoeken">
<kw name="Open Browser On Local Machine" library="SeleniumKeywords">
<arguments>
<arg>${TEST_URL}</arg>
<arg>${BROWSER}</arg>
</arguments>
<kw name="Set Selenium Speed" library="SeleniumLibrary">
<doc>Sets the delay that is waited after each Selenium command.</doc>
<arguments>
<arg>${SELENIUM_DELAY}</arg>
</arguments>
<status status="PASS" starttime="20191212 11:47:22.328" endtime="20191212 11:47:22.328"></status>
</kw>
<kw name="Open Browser" library="SeleniumLibrary">
<doc>Opens a new browser instance to the optional ``url``.</doc>
<arguments>
<arg>${URL}</arg>
<arg>${BROWSER}</arg>
</arguments>
<msg timestamp="20191212 11:47:22.328" level="INFO">Opening browser 'Chrome' to base url 'https://avansmarktplaats-test.mendixcloud.com/index.html'.</msg>
<status status="PASS" starttime="20191212 11:47:22.328" endtime="20191212 11:47:28.705"></status>
</kw>
<status status="PASS" starttime="20191212 11:47:22.327" endtime="20191212 11:47:28.706"></status>
</kw>
<kw name="Maximize Browser Window" library="SeleniumLibrary">
<doc>Maximizes current browser window.</doc>
<status status="PASS" starttime="20191212 11:47:28.706" endtime="20191212 11:47:32.857"></status>
</kw>
<kw name="Wait Until Page Contains Element" library="SeleniumLibrary">
<doc>Waits until the element ``locator`` appears on the current page.</doc>
<arguments>
<arg>//*[contains(@class,'btn mx-button mx-name-actionButton2 squarebutton btn-default')]</arg>
<arg>timeout=5</arg>
</arguments>
<status status="PASS" starttime="20191212 11:47:32.866" endtime="20191212 11:47:32.898"></status>
</kw>
<kw name="Login As Student Or Teacher" library="SeleniumKeywords">
<arguments>
<arg>${STUDENT_PASSWORD}</arg>
</arguments>
<kw name="Sleep" library="BuiltIn">
<doc>Pauses the test executed for the given time.</doc>
<arguments>
<arg>0.5</arg>
</arguments>
<msg timestamp="20191212 11:47:33.402" level="INFO">Slept 500 milliseconds</msg>
<status status="PASS" starttime="20191212 11:47:32.900" endtime="20191212 11:47:33.402"></status>
</kw>
<kw name="Click Element" library="SeleniumLibrary">
<doc>Click the element identified by ``locator``.</doc>
<arguments>
<arg>//*[@type='submit']</arg>
<arg>modifier=False</arg>
</arguments>
<msg timestamp="20191212 11:47:33.403" level="INFO">Clicking element '//*[@type='submit']'.</msg>
<status status="PASS" starttime="20191212 11:47:33.402" endtime="20191212 11:47:34.801"></status>
</kw>
<kw name="Wait Until Page Contains Element" library="SeleniumLibrary">
<doc>Waits until the element ``locator`` appears on the current page.</doc>
<arguments>
<arg>//*[contains(@class,'mod-search-input active')]</arg>
<arg>timeout=5</arg>
</arguments>
<status status="PASS" starttime="20191212 11:47:34.802" endtime="20191212 11:47:34.836"></status>
</kw>
<kw name="Input Text" library="SeleniumLibrary">
<doc>Types the given ``text`` into the text field identified by ``locator``.</doc>
<arguments>
<arg>//*[@class='mod-search-input active']</arg>
<arg>Avans Hogeschool</arg>
</arguments>
<msg timestamp="20191212 11:47:34.837" level="INFO">Typing text 'Avans Hogeschool' into text field '//*[@class='mod-search-input active']'.</msg>
<status status="PASS" starttime="20191212 11:47:34.837" endtime="20191212 11:47:35.005"></status>
</kw>
<kw name="Wait Until Page Contains Element" library="SeleniumLibrary">
<doc>Waits until the element ``locator`` appears on the current page.</doc>
<arguments>
<arg>//*[contains(@class,'result active access focussed')]</arg>
<arg>timeout=2</arg>
</arguments>
<status status="PASS" starttime="20191212 11:47:35.005" endtime="20191212 11:47:35.023"></status>
</kw>
<kw name="Click Element" library="SeleniumLibrary">
<doc>Click the element identified by ``locator``.</doc>
<arguments>
<arg>//*[@class='result active access focussed']</arg>
<arg>modifier=False</arg>
</arguments>
<msg timestamp="20191212 11:47:35.024" level="INFO">Clicking element '//*[@class='result active access focussed']'.</msg>
<status status="PASS" starttime="20191212 11:47:35.023" endtime="20191212 11:47:35.652"></status>
</kw>
<kw name="Wait Until Page Contains Element" library="SeleniumLibrary">
<doc>Waits until the element ``locator`` appears on the current page.</doc>
<arguments>
<arg>id=Ecom_User_ID</arg>
<arg>timeout=5</arg>
</arguments>
<status status="PASS" starttime="20191212 11:47:35.653" endtime="20191212 11:47:35.679"></status>
</kw>
<kw name="Input Text" library="SeleniumLibrary">
<doc>Types the given ``text`` into the text field identified by ``locator``.</doc>
<arguments>
<arg>id=Ecom_User_ID</arg>
<arg>ewallaar</arg>
</arguments>
<msg timestamp="20191212 11:47:35.680" level="INFO">Typing text 'ewallaar' into text field 'id=Ecom_User_ID'.</msg>
<status status="PASS" starttime="20191212 11:47:35.679" endtime="20191212 11:47:35.785"></status>
</kw>
<kw name="Input Text" library="SeleniumLibrary">
<doc>Types the given ``text`` into the text field identified by ``locator``.</doc>
<arguments>
<arg>id=Ecom_Password</arg>
<arg>${STUDENT_PASSWORD}</arg>
</arguments>
<msg timestamp="20191212 11:47:35.785" level="INFO">Typing text 'Gekkehenk@1' into text field 'id=Ecom_Password'.</msg>
<status status="PASS" starttime="20191212 11:47:35.785" endtime="20191212 11:47:35.897"></status>
</kw>
<kw name="Click Element" library="SeleniumLibrary">
<doc>Click the element identified by ``locator``.</doc>
<arguments>
<arg>id=loginButton2</arg>
<arg>modifier=False</arg>
</arguments>
<msg timestamp="20191212 11:47:35.898" level="INFO">Clicking element 'id=loginButton2'.</msg>
<status status="PASS" starttime="20191212 11:47:35.897" endtime="20191212 11:47:35.983"></status>
</kw>
<status status="PASS" starttime="20191212 11:47:32.899" endtime="20191212 11:47:35.984"></status>
</kw>
<status status="PASS" starttime="20191212 11:47:22.326" endtime="20191212 11:47:35.984" critical="yes"></status>
</test>
<test id="s1-t2" name="Testcase 28: Als student een opdracht zoeken">
<kw name="Wait Until Page Contains Element" library="SeleniumLibrary">
<doc>Waits until the element ``locator`` appears on the current page.</doc>
<arguments>
<arg>//*[contains(@class,'search-bar')]//*[contains(@class,'form-control')]</arg>
</arguments>
<status status="PASS" starttime="20191212 11:47:35.987" endtime="20191212 11:47:38.322"></status>
</kw>
<kw name="Sleep" library="BuiltIn">
<doc>Pauses the test executed for the given time.</doc>
<arguments>
<arg>0.5</arg>
</arguments>
<msg timestamp="20191212 11:47:38.825" level="INFO">Slept 500 milliseconds</msg>
<status status="PASS" starttime="20191212 11:47:38.322" endtime="20191212 11:47:38.825"></status>
</kw>
<kw name="Input Text" library="SeleniumLibrary">
<doc>Types the given ``text`` into the text field identified by ``locator``.</doc>
<arguments>
<arg>//*[@class='search-bar']//*[@class='form-control']</arg>
<arg>Broed</arg>
</arguments>
<msg timestamp="20191212 11:47:38.826" level="INFO">Typing text 'Broed' into text field '//*[@class='search-bar']//*[@class='form-control']'.</msg>
<status status="PASS" starttime="20191212 11:47:38.826" endtime="20191212 11:47:39.019"></status>
</kw>
<kw name="Wait Until Page Contains Element" library="SeleniumLibrary">
<doc>Waits until the element ``locator`` appears on the current page.</doc>
<arguments>
<arg>//*[contains(@id, 'mxui_widget_ListViewItem')]</arg>
<arg>timeout=5</arg>
</arguments>
<status status="PASS" starttime="20191212 11:47:39.019" endtime="20191212 11:47:39.036"></status>
</kw>
<kw name="Click Element" library="SeleniumLibrary">
<doc>Click the element identified by ``locator``.</doc>
<arguments>
<arg>//*[contains(@id, 'mxui_widget_ListViewItem')]</arg>
<arg>modifier=False</arg>
</arguments>
<msg timestamp="20191212 11:47:39.037" level="INFO">Clicking element '//*[contains(@id, 'mxui_widget_ListViewItem')]'.</msg>
<status status="PASS" starttime="20191212 11:47:39.036" endtime="20191212 11:47:39.127"></status>
</kw>
<status status="PASS" starttime="20191212 11:47:35.986" endtime="20191212 11:47:39.127" critical="yes"></status>
</test>
<test id="s1-t3" name="Testcase 29: Als student inschrijven voor een opdracht">
<kw name="Wait Until Page Contains Element" library="SeleniumLibrary">
<doc>Waits until the element ``locator`` appears on the current page.</doc>
<arguments>
<arg>//*[@class='btn mx-button mx-name-actionButton2 btn-info']</arg>
<arg>timeout=5</arg>
</arguments>
<status status="PASS" starttime="20191212 11:47:39.130" endtime="20191212 11:47:39.833"></status>
</kw>
<kw name="Click Element" library="SeleniumLibrary">
<doc>Click the element identified by ``locator``.</doc>
<arguments>
<arg>//*[@class='btn mx-button mx-name-actionButton2 btn-info']</arg>
<arg>modifier=False</arg>
</arguments>
<msg timestamp="20191212 11:47:39.834" level="INFO">Clicking element '//*[@class='btn mx-button mx-name-actionButton2 btn-info']'.</msg>
<status status="PASS" starttime="20191212 11:47:39.834" endtime="20191212 11:47:39.954"></status>
</kw>
<kw name="Wait Until Page Contains Element" library="SeleniumLibrary">
<doc>Waits until the element ``locator`` appears on the current page.</doc>
<arguments>
<arg>//*[contains(text(),'Informatie')]</arg>
</arguments>
<status status="PASS" starttime="20191212 11:47:39.956" endtime="20191212 11:47:40.654"></status>
</kw>
<kw name="Click Element" library="SeleniumLibrary">
<doc>Click the element identified by ``locator``.</doc>
<arguments>
<arg>//*[@class='btn btn-primary']</arg>
<arg>modifier=False</arg>
</arguments>
<msg timestamp="20191212 11:47:40.655" level="INFO">Clicking element '//*[@class='btn btn-primary']'.</msg>
<status status="PASS" starttime="20191212 11:47:40.655" endtime="20191212 11:47:40.736"></status>
</kw>
<status status="PASS" starttime="20191212 11:47:39.129" endtime="20191212 11:47:40.737" critical="yes"></status>
</test>
<test id="s1-t4" name="Testcase 30: Als student mijn inschrijvingen bekijken">
<kw name="Wait Until Page Contains Element" library="SeleniumLibrary">
<doc>Waits until the element ``locator`` appears on the current page.</doc>
<arguments>
<arg>//*[@class='mx-link mx-name-actionButton5']</arg>
<arg>timeout=5</arg>
</arguments>
<status status="PASS" starttime="20191212 11:47:40.740" endtime="20191212 11:47:40.757"></status>
</kw>
<kw name="Click Element" library="SeleniumLibrary">
<doc>Click the element identified by ``locator``.</doc>
<arguments>
<arg>//*[@class='mx-link mx-name-actionButton5']</arg>
<arg>modifier=False</arg>
</arguments>
<msg timestamp="20191212 11:47:40.758" level="INFO">Clicking element '//*[@class='mx-link mx-name-actionButton5']'.</msg>
<status status="PASS" starttime="20191212 11:47:40.757" endtime="20191212 11:47:40.878"></status>
</kw>
<kw name="Wait Until Page Contains Element" library="SeleniumLibrary">
<doc>Waits until the element ``locator`` appears on the current page.</doc>
<arguments>
<arg>//*[contains(text(),'Broed')]</arg>
<arg>timeout=5</arg>
</arguments>
<status status="PASS" starttime="20191212 11:47:40.878" endtime="20191212 11:47:40.895"></status>
</kw>
<status status="PASS" starttime="20191212 11:47:40.739" endtime="20191212 11:47:40.895" critical="yes"></status>
</test>
<test id="s1-t5" name="Testcase 31: Als student uitschrijven voor een opdracht">
<kw name="Wait Until Page Contains Element" library="SeleniumLibrary">
<doc>Waits until the element ``locator`` appears on the current page.</doc>
<arguments>
<arg>//*[contains(@class, 'btn mx-button mx-name-actionButton2 pull-right btn-inverse')]</arg>
<arg>timeout=5</arg>
</arguments>
<status status="PASS" starttime="20191212 11:47:40.898" endtime="20191212 11:47:41.159"></status>
</kw>
<kw name="Page Should Not Contain" library="SeleniumLibrary">
<doc>Verifies the current page does not contain ``text``.</doc>
<arguments>
<arg>//*[contains(@class, 'mx-listview-empty')]</arg>
</arguments>
<msg timestamp="20191212 11:47:41.249" level="INFO">Current page does not contain text '//*[contains(@class, 'mx-listview-empty')]'.</msg>
<status status="PASS" starttime="20191212 11:47:41.159" endtime="20191212 11:47:41.249"></status>
</kw>
<kw name="Click Element" library="SeleniumLibrary">
<doc>Click the element identified by ``locator``.</doc>
<arguments>
<arg>//*[@class='btn mx-button mx-name-actionButton2 pull-right btn-inverse']</arg>
<arg>modifier=False</arg>
</arguments>
<msg timestamp="20191212 11:47:41.251" level="INFO">Clicking element '//*[@class='btn mx-button mx-name-actionButton2 pull-right btn-inverse']'.</msg>
<status status="PASS" starttime="20191212 11:47:41.250" endtime="20191212 11:47:41.330"></status>
</kw>
<kw name="Wait Until Page Contains Element" library="SeleniumLibrary">
<doc>Waits until the element ``locator`` appears on the current page.</doc>
<arguments>
<arg>//*[contains(@class,'btn btn-primary')]</arg>
<arg>timeout=5</arg>
</arguments>
<status status="PASS" starttime="20191212 11:47:41.331" endtime="20191212 11:47:41.345"></status>
</kw>
<kw name="Click Element" library="SeleniumLibrary">
<doc>Click the element identified by ``locator``.</doc>
<arguments>
<arg>//*[@class='btn btn-primary']</arg>
<arg>modifier=False</arg>
</arguments>
<msg timestamp="20191212 11:47:41.346" level="INFO">Clicking element '//*[@class='btn btn-primary']'.</msg>
<status status="PASS" starttime="20191212 11:47:41.346" endtime="20191212 11:47:41.418"></status>
</kw>
<kw name="Wait Until Page Contains Element" library="SeleniumLibrary">
<doc>Waits until the element ``locator`` appears on the current page.</doc>
<arguments>
<arg>//*[contains(@class, 'mx-link mx-name-actionButton5')]</arg>
<arg>timeout=5</arg>
</arguments>
<status status="PASS" starttime="20191212 11:47:41.419" endtime="20191212 11:47:41.435"></status>
</kw>
<kw name="Click Element" library="SeleniumLibrary">
<doc>Click the element identified by ``locator``.</doc>
<arguments>
<arg>//*[@class='mx-link mx-name-actionButton5']</arg>
<arg>modifier=False</arg>
</arguments>
<msg timestamp="20191212 11:47:41.435" level="INFO">Clicking element '//*[@class='mx-link mx-name-actionButton5']'.</msg>
<status status="PASS" starttime="20191212 11:47:41.435" endtime="20191212 11:47:41.504"></status>
</kw>
<kw name="Wait Until Page Contains Element" library="SeleniumLibrary">
<doc>Waits until the element ``locator`` appears on the current page.</doc>
<arguments>
<arg>//*[@class='mx-listview-empty']</arg>
<arg>timeout=5</arg>
</arguments>
<status status="PASS" starttime="20191212 11:47:41.505" endtime="20191212 11:47:42.300"></status>
</kw>
<status status="PASS" starttime="20191212 11:47:40.897" endtime="20191212 11:47:42.300" critical="yes"></status>
</test>
<kw name="Close All Browsers" library="SeleniumLibrary" type="teardown">
<doc>Closes all open browsers and resets the browser cache.</doc>
<status status="PASS" starttime="20191212 11:47:42.303" endtime="20191212 11:47:44.770"></status>
</kw>
<doc>Keyword documentation: https://robotframework.org/SeleniumLibrary/SeleniumLibrary.html

Kijk goed of er keywords zijn die je kan gebruiken in de Keywords/SeleniumKeywords.robot file</doc>
<status status="PASS" starttime="20191212 11:47:21.991" endtime="20191212 11:47:44.770"></status>
</suite>
<statistics>
<total>
<stat pass="5" fail="0">Critical Tests</stat>
<stat pass="5" fail="0">All Tests</stat>
</total>
<tag>
</tag>
<suite>
<stat pass="5" fail="0" id="s1" name="RegistrationManagementTestcases">RegistrationManagementTestcases</stat>
</suite>
</statistics>
<errors>
</errors>
</robot>
