<?xml version="1.0" encoding="UTF-8"?>
<robot generator="Robot 3.1.2 (Python 3.8.0 on win32)" generated="20200109 10:55:53.931" rpa="false">
<suite id="s1" name="RegistrationManagementTestcases" source="C:\Users\Gijs\source\RobotFramework\RobotFrameworkStageSEKTMarktplaats\testcases\RegistrationManagementTestcases.robot">
<test id="s1-t1" name="Testcase 0: Site bezoeken">
<kw name="Open Browser On Local Machine" library="SeleniumKeywords">
<arguments>
<arg>${TEST_URL}</arg>
<arg>${BROWSER}</arg>
</arguments>
<kw name="Set Selenium Speed" library="SeleniumLibrary">
<doc>Sets the delay that is waited after each Selenium command.</doc>
<arguments>
<arg>${SELENIUM_DELAY}</arg>
</arguments>
<status status="PASS" starttime="20200109 10:55:54.252" endtime="20200109 10:55:54.252"></status>
</kw>
<kw name="Open Browser" library="SeleniumLibrary">
<doc>Opens a new browser instance to the optional ``url``.</doc>
<arguments>
<arg>${URL}</arg>
<arg>${BROWSER}</arg>
</arguments>
<msg timestamp="20200109 10:55:54.252" level="INFO">Opening browser 'Chrome' to base url 'https://avansmarktplaats-test.mendixcloud.com/index.html'.</msg>
<status status="PASS" starttime="20200109 10:55:54.252" endtime="20200109 10:56:00.579"></status>
</kw>
<status status="PASS" starttime="20200109 10:55:54.252" endtime="20200109 10:56:00.579"></status>
</kw>
<kw name="Maximize Browser Window" library="SeleniumLibrary">
<doc>Maximizes current browser window.</doc>
<status status="PASS" starttime="20200109 10:56:00.580" endtime="20200109 10:56:04.744"></status>
</kw>
<kw name="Wait Until Page Contains Element" library="SeleniumLibrary">
<doc>Waits until the element ``locator`` appears on the current page.</doc>
<arguments>
<arg>//*[contains(@class,'btn mx-button mx-name-actionButton2 squarebutton btn-default')]</arg>
<arg>timeout=5</arg>
</arguments>
<status status="PASS" starttime="20200109 10:56:04.745" endtime="20200109 10:56:04.778"></status>
</kw>
<kw name="Login As Student Or Teacher Navigate To Page" library="SeleniumKeywords">
<kw name="Sleep" library="BuiltIn">
<doc>Pauses the test executed for the given time.</doc>
<arguments>
<arg>0.5</arg>
</arguments>
<msg timestamp="20200109 10:56:05.282" level="INFO">Slept 500 milliseconds</msg>
<status status="PASS" starttime="20200109 10:56:04.779" endtime="20200109 10:56:05.282"></status>
</kw>
<kw name="Click Element" library="SeleniumLibrary">
<doc>Click the element identified by ``locator``.</doc>
<arguments>
<arg>//*[@type='submit']</arg>
<arg>modifier=False</arg>
</arguments>
<msg timestamp="20200109 10:56:05.282" level="INFO">Clicking element '//*[@type='submit']'.</msg>
<status status="PASS" starttime="20200109 10:56:05.282" endtime="20200109 10:56:07.305"></status>
</kw>
<kw name="Wait Until Page Contains Element" library="SeleniumLibrary">
<doc>Waits until the element ``locator`` appears on the current page.</doc>
<arguments>
<arg>//*[contains(@class,'mod-search-input active')]</arg>
<arg>timeout=5</arg>
</arguments>
<status status="PASS" starttime="20200109 10:56:07.306" endtime="20200109 10:56:07.330"></status>
</kw>
<kw name="Input Text" library="SeleniumLibrary">
<doc>Types the given ``text`` into the text field identified by ``locator``.</doc>
<arguments>
<arg>//*[@class='mod-search-input active']</arg>
<arg>Avans Hogeschool</arg>
</arguments>
<msg timestamp="20200109 10:56:07.330" level="INFO">Typing text 'Avans Hogeschool' into text field '//*[@class='mod-search-input active']'.</msg>
<status status="PASS" starttime="20200109 10:56:07.330" endtime="20200109 10:56:07.492"></status>
</kw>
<kw name="Wait Until Page Contains Element" library="SeleniumLibrary">
<doc>Waits until the element ``locator`` appears on the current page.</doc>
<arguments>
<arg>//*[contains(@class,'result active access focussed')]</arg>
<arg>timeout=2</arg>
</arguments>
<status status="PASS" starttime="20200109 10:56:07.492" endtime="20200109 10:56:07.507"></status>
</kw>
<kw name="Click Element" library="SeleniumLibrary">
<doc>Click the element identified by ``locator``.</doc>
<arguments>
<arg>//*[@class='result active access focussed']</arg>
<arg>modifier=False</arg>
</arguments>
<msg timestamp="20200109 10:56:07.507" level="INFO">Clicking element '//*[@class='result active access focussed']'.</msg>
<status status="PASS" starttime="20200109 10:56:07.507" endtime="20200109 10:56:08.338"></status>
</kw>
<status status="PASS" starttime="20200109 10:56:04.779" endtime="20200109 10:56:08.339"></status>
</kw>
<kw name="Login As Student Or Teacher Fill In Page" library="SeleniumKeywords">
<arguments>
<arg>${STUDENT_PASSWORD}</arg>
</arguments>
<kw name="Wait Until Page Contains Element" library="SeleniumLibrary">
<doc>Waits until the element ``locator`` appears on the current page.</doc>
<arguments>
<arg>id=Ecom_User_ID</arg>
<arg>timeout=5</arg>
</arguments>
<status status="PASS" starttime="20200109 10:56:08.340" endtime="20200109 10:56:08.591"></status>
</kw>
<kw name="Input Text" library="SeleniumLibrary">
<doc>Types the given ``text`` into the text field identified by ``locator``.</doc>
<arguments>
<arg>id=Ecom_User_ID</arg>
<arg>ewallaar</arg>
</arguments>
<msg timestamp="20200109 10:56:08.592" level="INFO">Typing text 'ewallaar' into text field 'id=Ecom_User_ID'.</msg>
<status status="PASS" starttime="20200109 10:56:08.591" endtime="20200109 10:56:08.725"></status>
</kw>
<kw name="Input Text" library="SeleniumLibrary">
<doc>Types the given ``text`` into the text field identified by ``locator``.</doc>
<arguments>
<arg>id=Ecom_Password</arg>
<arg>${STUDENT_PASSWORD}</arg>
</arguments>
<msg timestamp="20200109 10:56:08.726" level="INFO">Typing text 'Gekkehenk@1' into text field 'id=Ecom_Password'.</msg>
<status status="PASS" starttime="20200109 10:56:08.726" endtime="20200109 10:56:08.871"></status>
</kw>
<kw name="Click Element" library="SeleniumLibrary">
<doc>Click the element identified by ``locator``.</doc>
<arguments>
<arg>id=loginButton2</arg>
<arg>modifier=False</arg>
</arguments>
<msg timestamp="20200109 10:56:08.871" level="INFO">Clicking element 'id=loginButton2'.</msg>
<status status="PASS" starttime="20200109 10:56:08.871" endtime="20200109 10:56:08.940"></status>
</kw>
<status status="PASS" starttime="20200109 10:56:08.340" endtime="20200109 10:56:08.940"></status>
</kw>
<status status="PASS" starttime="20200109 10:55:54.252" endtime="20200109 10:56:08.941" critical="yes"></status>
</test>
<test id="s1-t2" name="Testcase 26: Als student een opdracht zoeken">
<kw name="Wait Until Page Contains Element" library="SeleniumLibrary">
<doc>Waits until the element ``locator`` appears on the current page.</doc>
<arguments>
<arg>//*[contains(@class,'search-bar')]//*[contains(@class,'form-control')]</arg>
</arguments>
<status status="PASS" starttime="20200109 10:56:08.945" endtime="20200109 10:56:11.264"></status>
</kw>
<kw name="Sleep" library="BuiltIn">
<doc>Pauses the test executed for the given time.</doc>
<arguments>
<arg>0.5</arg>
</arguments>
<msg timestamp="20200109 10:56:11.766" level="INFO">Slept 500 milliseconds</msg>
<status status="PASS" starttime="20200109 10:56:11.265" endtime="20200109 10:56:11.767"></status>
</kw>
<kw name="Input Text" library="SeleniumLibrary">
<doc>Types the given ``text`` into the text field identified by ``locator``.</doc>
<arguments>
<arg>//*[@class='search-bar']//*[@class='form-control']</arg>
<arg>Broed</arg>
</arguments>
<msg timestamp="20200109 10:56:11.774" level="INFO">Typing text 'Broed' into text field '//*[@class='search-bar']//*[@class='form-control']'.</msg>
<status status="PASS" starttime="20200109 10:56:11.773" endtime="20200109 10:56:11.986"></status>
</kw>
<kw name="Wait Until Page Contains Element" library="SeleniumLibrary">
<doc>Waits until the element ``locator`` appears on the current page.</doc>
<arguments>
<arg>//*[contains(@id, 'mxui_widget_ListViewItem')]</arg>
<arg>timeout=5</arg>
</arguments>
<status status="PASS" starttime="20200109 10:56:11.986" endtime="20200109 10:56:12.001"></status>
</kw>
<kw name="Click Element" library="SeleniumLibrary">
<doc>Click the element identified by ``locator``.</doc>
<arguments>
<arg>//*[contains(@id, 'mxui_widget_ListViewItem')]</arg>
<arg>modifier=False</arg>
</arguments>
<msg timestamp="20200109 10:56:12.002" level="INFO">Clicking element '//*[contains(@id, 'mxui_widget_ListViewItem')]'.</msg>
<status status="PASS" starttime="20200109 10:56:12.002" endtime="20200109 10:56:12.103"></status>
</kw>
<status status="PASS" starttime="20200109 10:56:08.944" endtime="20200109 10:56:12.105" critical="yes"></status>
</test>
<test id="s1-t3" name="Testcase 27: Als student inschrijven voor een opdracht">
<kw name="Wait Until Page Contains Element" library="SeleniumLibrary">
<doc>Waits until the element ``locator`` appears on the current page.</doc>
<arguments>
<arg>//*[@class='btn mx-button mx-name-actionButton2 btn-info']</arg>
<arg>timeout=5</arg>
</arguments>
<status status="PASS" starttime="20200109 10:56:12.108" endtime="20200109 10:56:12.123"></status>
</kw>
<kw name="Click Element" library="SeleniumLibrary">
<doc>Click the element identified by ``locator``.</doc>
<arguments>
<arg>//*[@class='btn mx-button mx-name-actionButton2 btn-info']</arg>
<arg>modifier=False</arg>
</arguments>
<msg timestamp="20200109 10:56:12.123" level="INFO">Clicking element '//*[@class='btn mx-button mx-name-actionButton2 btn-info']'.</msg>
<status status="PASS" starttime="20200109 10:56:12.123" endtime="20200109 10:56:12.208"></status>
</kw>
<kw name="Wait Until Page Contains Element" library="SeleniumLibrary">
<doc>Waits until the element ``locator`` appears on the current page.</doc>
<arguments>
<arg>//*[contains(text(),'Informatie')]</arg>
</arguments>
<status status="PASS" starttime="20200109 10:56:12.209" endtime="20200109 10:56:13.786"></status>
</kw>
<kw name="Click Element" library="SeleniumLibrary">
<doc>Click the element identified by ``locator``.</doc>
<arguments>
<arg>//*[@class='btn btn-primary']</arg>
<arg>modifier=False</arg>
</arguments>
<msg timestamp="20200109 10:56:13.786" level="INFO">Clicking element '//*[@class='btn btn-primary']'.</msg>
<status status="PASS" starttime="20200109 10:56:13.786" endtime="20200109 10:56:13.853"></status>
</kw>
<status status="PASS" starttime="20200109 10:56:12.107" endtime="20200109 10:56:13.854" critical="yes"></status>
</test>
<test id="s1-t4" name="Testcase 28: Als student mijn inschrijvingen bekijken">
<kw name="Wait Until Page Contains Element" library="SeleniumLibrary">
<doc>Waits until the element ``locator`` appears on the current page.</doc>
<arguments>
<arg>//*[@class='mx-link mx-name-actionButton5']</arg>
<arg>timeout=5</arg>
</arguments>
<status status="PASS" starttime="20200109 10:56:13.857" endtime="20200109 10:56:13.873"></status>
</kw>
<kw name="Click Element" library="SeleniumLibrary">
<doc>Click the element identified by ``locator``.</doc>
<arguments>
<arg>//*[@class='mx-link mx-name-actionButton5']</arg>
<arg>modifier=False</arg>
</arguments>
<msg timestamp="20200109 10:56:13.873" level="INFO">Clicking element '//*[@class='mx-link mx-name-actionButton5']'.</msg>
<status status="PASS" starttime="20200109 10:56:13.873" endtime="20200109 10:56:13.966"></status>
</kw>
<kw name="Wait Until Page Contains Element" library="SeleniumLibrary">
<doc>Waits until the element ``locator`` appears on the current page.</doc>
<arguments>
<arg>//*[contains(text(),'Broed')]</arg>
<arg>timeout=5</arg>
</arguments>
<status status="PASS" starttime="20200109 10:56:13.967" endtime="20200109 10:56:13.986"></status>
</kw>
<status status="PASS" starttime="20200109 10:56:13.856" endtime="20200109 10:56:13.987" critical="yes"></status>
</test>
<test id="s1-t5" name="Testcase 29: Als student uitschrijven voor een opdracht">
<kw name="Wait Until Page Contains Element" library="SeleniumLibrary">
<doc>Waits until the element ``locator`` appears on the current page.</doc>
<arguments>
<arg>//*[contains(@class, 'btn mx-button mx-name-actionButton2 pull-right btn-inverse')]</arg>
<arg>timeout=5</arg>
</arguments>
<status status="PASS" starttime="20200109 10:56:13.989" endtime="20200109 10:56:14.245"></status>
</kw>
<kw name="Page Should Not Contain" library="SeleniumLibrary">
<doc>Verifies the current page does not contain ``text``.</doc>
<arguments>
<arg>//*[contains(@class, 'mx-listview-empty')]</arg>
</arguments>
<msg timestamp="20200109 10:56:14.350" level="INFO">Current page does not contain text '//*[contains(@class, 'mx-listview-empty')]'.</msg>
<status status="PASS" starttime="20200109 10:56:14.246" endtime="20200109 10:56:14.350"></status>
</kw>
<kw name="Click Element" library="SeleniumLibrary">
<doc>Click the element identified by ``locator``.</doc>
<arguments>
<arg>//*[@class='btn mx-button mx-name-actionButton2 pull-right btn-inverse']</arg>
<arg>modifier=False</arg>
</arguments>
<msg timestamp="20200109 10:56:14.351" level="INFO">Clicking element '//*[@class='btn mx-button mx-name-actionButton2 pull-right btn-inverse']'.</msg>
<status status="PASS" starttime="20200109 10:56:14.350" endtime="20200109 10:56:14.425"></status>
</kw>
<kw name="Wait Until Page Contains Element" library="SeleniumLibrary">
<doc>Waits until the element ``locator`` appears on the current page.</doc>
<arguments>
<arg>//*[contains(@class,'btn btn-primary')]</arg>
<arg>timeout=5</arg>
</arguments>
<status status="PASS" starttime="20200109 10:56:14.426" endtime="20200109 10:56:14.445"></status>
</kw>
<kw name="Click Element" library="SeleniumLibrary">
<doc>Click the element identified by ``locator``.</doc>
<arguments>
<arg>//*[@class='btn btn-primary']</arg>
<arg>modifier=False</arg>
</arguments>
<msg timestamp="20200109 10:56:14.446" level="INFO">Clicking element '//*[@class='btn btn-primary']'.</msg>
<status status="PASS" starttime="20200109 10:56:14.446" endtime="20200109 10:56:14.523"></status>
</kw>
<kw name="Wait Until Page Contains Element" library="SeleniumLibrary">
<doc>Waits until the element ``locator`` appears on the current page.</doc>
<arguments>
<arg>//*[contains(@class, 'mx-link mx-name-actionButton5')]</arg>
<arg>timeout=5</arg>
</arguments>
<status status="PASS" starttime="20200109 10:56:14.523" endtime="20200109 10:56:14.538"></status>
</kw>
<kw name="Click Element" library="SeleniumLibrary">
<doc>Click the element identified by ``locator``.</doc>
<arguments>
<arg>//*[@class='mx-link mx-name-actionButton5']</arg>
<arg>modifier=False</arg>
</arguments>
<msg timestamp="20200109 10:56:14.539" level="INFO">Clicking element '//*[@class='mx-link mx-name-actionButton5']'.</msg>
<status status="PASS" starttime="20200109 10:56:14.539" endtime="20200109 10:56:14.595"></status>
</kw>
<kw name="Wait Until Page Contains Element" library="SeleniumLibrary">
<doc>Waits until the element ``locator`` appears on the current page.</doc>
<arguments>
<arg>//*[@class='mx-listview-empty']</arg>
<arg>timeout=5</arg>
</arguments>
<status status="PASS" starttime="20200109 10:56:14.596" endtime="20200109 10:56:15.118"></status>
</kw>
<status status="PASS" starttime="20200109 10:56:13.988" endtime="20200109 10:56:15.118" critical="yes"></status>
</test>
<kw name="Close All Browsers" library="SeleniumLibrary" type="teardown">
<doc>Closes all open browsers and resets the browser cache.</doc>
<status status="PASS" starttime="20200109 10:56:15.121" endtime="20200109 10:56:17.353"></status>
</kw>
<doc>Keyword documentation: https://robotframework.org/SeleniumLibrary/SeleniumLibrary.html

Kijk goed of er keywords zijn die je kan gebruiken in de Keywords/SeleniumKeywords.robot file</doc>
<status status="PASS" starttime="20200109 10:55:53.933" endtime="20200109 10:56:17.353"></status>
</suite>
<statistics>
<total>
<stat pass="5" fail="0">Critical Tests</stat>
<stat pass="5" fail="0">All Tests</stat>
</total>
<tag>
</tag>
<suite>
<stat pass="5" fail="0" id="s1" name="RegistrationManagementTestcases">RegistrationManagementTestcases</stat>
</suite>
</statistics>
<errors>
</errors>
</robot>
